Time	 
(s)	 
0	 
0.025	 
0.0375	 
0.05	 
0.0625	 
0.075	 
0.0875	 
0.1	 
0.1125	 
0.125	 
0.1375	 
0.15	 
0.1625	 
0.175	 
0.1875	 
0.2	 
0.2125	 
0.225	 
0.2375	 
0.25	 
0.2625	 
0.275	 
0.2875	 
0.3	 
0.3125	 
0.325	 
0.3375	 
0.35	 
0.3625	 
0.375	 
0.3875	 
0.4	 
0.4125	 
0.425	 
0.4375	 
0.45	 
0.4625	 
0.475	 
0.4875	 
0.5	 
0.5125	 
0.525	 
0.5375	 
0.55	 
0.5625	 
0.575	 
0.5875	 
0.6	 
0.6125	 
0.625	 
0.6375	 
0.65	 
0.6625	 
0.675	 
0.6875	 
0.7	 
0.7125	 
0.725	 
0.7375	 
0.75	 
0.7625	 
0.775	 
0.7875	 
0.8	 
0.8125	 
0.825	 
0.8375	 
0.85	 
0.8625	 
0.875	 
0.8875	 
0.9	 
0.9125	 
0.925	 
0.9375	 
0.95	 
0.9625	 
0.975	 
0.9875	 
1	 
1.0125	 
1.025	 
1.0375	 
1.05	 
1.0625	 
1.075	 
1.0875	 
1.1	 
1.1125	 
1.125	 
1.1375	 
1.15	 
1.1625	 
1.175	 
1.1875	 
1.2	 
1.2125	 
1.225	 
1.2375	 
1.25	 
1.2625	 
1.275	 
1.2875	 
1.3	 
1.3125	 
1.325	 
1.3375	 
1.35	 
1.3625	 
1.375	 
1.3875	 
1.4	 
1.4125	 
1.425	 
1.4375	 
1.45	 
1.4625	 
1.475	 
1.4875	 
1.5	 
1.5125	 
1.525	 
1.5375	 
1.55	 
1.5625	 
1.575	 
1.5875	 
1.6	 
1.6125	 
1.625	 
1.6375	 
1.65	 
1.6625	 
1.675	 
1.6875	 
1.7	 
1.7125	 
1.725	 
1.7375	 
1.75	 
1.7625	 
1.775	 
1.7875	 
1.8	 
1.8125	 
1.825	 
1.8375	 
1.85	 
1.8625	 
1.875	 
1.8875	 
1.9	 
1.9125	 
1.925	 
1.9375	 
1.95	 
1.9625	 
1.975	 
1.9875	 
2	 
2.0125	 
2.025	 
2.0375	 
2.05	 
2.0625	 
2.075	 
2.0875	 
2.1	 
2.1125	 
2.125	 
2.1375	 
2.15	 
2.1625	 
2.175	 
2.1875	 
2.2	 
2.2125	 
2.225	 
2.2375	 
2.25	 
2.2625	 
2.275	 
2.2875	 
2.3	 
2.3125	 
2.325	 
2.3375	 
2.35	 
2.3625	 
2.375	 
2.3875	 
2.4	 
2.4125	 
2.425	 
2.4375	 
2.45	 
2.4625	 
2.475	 
2.4875	 
2.5	 
2.5125	 
2.525	 
2.5375	 
2.55	 
2.5625	 
2.575	 
2.5875	 
2.6	 
2.6125	 
2.625	 
2.6375	 
2.65	 
2.6625	 
2.675	 
2.6875	 
2.7	 
2.7125	 
2.725	 
2.7375	 
2.75	 
2.7625	 
2.775	 
2.7875	 
2.8	 
2.8125	 
2.825	 
2.8375	 
2.85	 
2.8625	 
2.875	 
2.8875	 
2.9	 
2.9125	 
2.925	 
2.9375	 
2.95	 
2.9625	 
2.975	 
2.9875	 
3	 
3.0125	 
3.025	 
3.0375	 
3.05	 
3.0625	 
3.075	 
3.0875	 
3.1	 
3.1125	 
3.125	 
3.1375	 
3.15	 
3.1625	 
3.175	 
3.1875	 
3.2	 
3.2125	 
3.225	 
3.2375	 
3.25	 
3.2625	 
3.275	 
3.2875	 
3.3	 
3.3125	 
3.325	 
3.3375	 
3.35	 
3.3625	 
3.375	 
3.3875	 
3.4	 
3.4125	 
3.425	 
3.4375	 
3.45	 
3.4625	 
3.475	 
3.4875	 
3.5	 
3.5125	 
3.525	 
3.5375	 
3.55	 
3.5625	 
3.575	 
3.5875	 
3.6	 
3.6125	 
3.625	 
3.6375	 
3.65	 
3.6625	 
3.675	 
3.6875	 
3.7	 
3.7125	 
3.725	 
3.7375	 
3.75	 
3.7625	 
3.775	 
3.7875	 
3.8	 
3.8125	 
3.825	 
3.8375	 
3.85	 
3.8625	 
3.875	 
3.8875	 
3.9	 
3.9125	 
3.925	 
3.9375	 
3.95	 
3.9625	 
3.975	 
3.9875	 
4	 
4.0125	 
4.025	 
4.0375	 
4.05	 
4.0625	 
4.075	 
4.0875	 
4.1	 
4.1125	 
4.125	 
4.1375	 
4.15	 
4.1625	 
4.175	 
4.1875	 
4.2	 
4.2125	 
4.225	 
4.2375	 
4.25	 
4.2625	 
4.275	 
4.2875	 
4.3	 
4.3125	 
4.325	 
4.3375	 
4.35	 
4.3625	 
4.375	 
4.3875	 
4.4	 
4.4125	 
4.425	 
4.4375	 
4.45	 
4.4625	 
4.475	 
4.4875	 
4.5	 
4.5125	 
4.525	 
4.5375	 
4.55	 
4.5625	 
4.575	 
4.5875	 
4.6	 
4.6125	 
4.625	 
4.6375	 
4.65	 
4.6625	 
4.675	 
4.6875	 
4.7	 
4.7125	 
4.725	 
4.7375	 
4.75	 
4.7625	 
4.775	 
4.7875	 
4.8	 
4.8125	 
4.825	 
4.8375	 
4.85	 
4.8625	 
4.875	 
4.8875	 
4.9	 
4.9125	 
4.925	 
4.9375	 
4.95	 
4.9625	 
4.975	 
4.9875	 
5	 
5.0125	 
5.025	 
5.0375	 
5.05	 
5.0625	 
5.075	 
5.0875	 
5.1	 
5.1125	 
5.125	 
5.1375	 
5.15	 
5.1625	 
5.175	 
5.1875	 
5.2	 
5.2125	 
5.225	 
5.2375	 
5.25	 
5.2625	 
5.275	 
5.2875	 
5.3	 
5.3125	 
5.325	 
5.3375	 
5.35	 
5.3625	 
5.375	 
5.3875	 
5.4	 
5.4125	 
5.425	 
5.4375	 
5.45	 
5.4625	 
5.475	 
5.4875	 
5.5	 
5.5125	 
5.525	 
5.5375	 
5.55	 
5.5625	 
5.575	 
5.5875	 
5.6	 
5.6125	 
5.625	 
5.6375	 
5.65	 
5.6625	 
5.675	 
5.6875	 
5.7	 
5.7125	 
5.725	 
5.7375	 
5.75	 
5.7625	 
5.775	 
5.7875	 
5.8	 
5.8125	 
5.825	 
5.8375	 
5.85	 
5.8625	 
5.875	 
5.8875	 
5.9	 
5.9125	 
5.925	 
5.9375	 
5.95	 
5.9625	 
5.975	 
5.9875	 
6	 
6.0125	 
6.025	 
6.0375	 
6.05	 
6.0625	 
6.075	 
6.0875	 
6.1	 
6.1125	 
6.125	 
6.1375	 
6.15	 
6.1625	 
6.175	 
6.1875	 
6.2	 
6.2125	 
6.225	 
6.2375	 
6.25	 
6.2625	 
6.275	 
6.2875	 
6.3	 
6.3125	 
6.325	 
6.3375	 
6.35	 
6.3625	 
6.375	 
6.3875	 
6.4	 
6.4125	 
6.425	 
6.4375	 
6.45	 
6.4625	 
6.475	 
6.4875	 
6.5	 
6.5125	 
6.525	 
6.5375	 
6.55	 
6.5625	 
6.575	 
6.5875	 
6.6	 
6.6125	 
6.625	 
6.6375	 
6.65	 
6.6625	 
6.675	 
6.6875	 
6.7	 
6.7125	 
6.725	 
6.7375	 
6.75	 
6.7625	 
6.775	 
6.7875	 
6.8	 
6.8125	 
6.825	 
6.8375	 
6.85	 
6.8625	 
6.875	 
6.8875	 
6.9	 
6.9125	 
6.925	 
6.9375	 
6.95	 
6.9625	 
6.975	 
6.9875	 
7	 
7.0125	 
7.025	 
7.0375	 
7.05	 
7.0625	 
7.075	 
7.0875	 
7.1	 
7.1125	 
7.125	 
7.1375	 
7.15	 
7.1625	 
7.175	 
7.1875	 
7.2	 
7.2125	 
7.225	 
7.2375	 
7.25	 
7.2625	 
7.275	 
7.2875	 
7.3	 
7.3125	 
7.325	 
7.3375	 
7.35	 
7.3625	 
7.375	 
7.3875	 
7.4	 
7.4125	 
7.425	 
7.4375	 
7.45	 
7.4625	 
7.475	 
7.4875	 
7.5	 
7.5125	 
7.525	 
7.5375	 
7.55	 
7.5625	 
7.575	 
7.5875	 
7.6	 
7.6125	 
7.625	 
7.6375	 
7.65	 
7.6625	 
7.675	 
7.6875	 
7.7	 
7.7125	 
7.725	 
7.7375	 
7.75	 
7.7625	 
7.775	 
7.7875	 
7.8	 
7.8125	 
7.825	 
7.8375	 
7.85	 
7.8625	 
7.875	 
7.8875	 
7.9	 
7.9125	 
7.925	 
7.9375	 
7.95	 
7.9625	 
7.975	 
7.9875	 
8	 
8.0125	 
8.025	 
8.0375	 
8.05	 
8.0625	 
8.075	 
8.0875	 
8.1	 
8.1125	 
8.125	 
8.1375	 
8.15	 
8.1625	 
8.175	 
8.1875	 
8.2	 
8.2125	 
8.225	 
8.2375	 
8.25	 
8.2625	 
8.275	 
8.2875	 
8.3	 
8.3125	 
8.325	 
8.3375	 
8.35	 
8.3625	 
8.375	 
8.3875	 
8.4	 
8.4125	 
8.425	 
8.4375	 
8.45	 
8.4625	 
8.475	 
8.4875	 
8.5	 
8.5125	 
8.525	 
8.5375	 
8.55	 
8.5625	 
8.575	 
8.5875	 
8.6	 
8.6125	 
8.625	 
8.6375	 
8.65	 
8.6625	 
8.675	 
8.6875	 
8.7	 
8.7125	 
8.725	 
8.7375	 
8.75	 
8.7625	 
8.775	 
8.7875	 
8.8	 
8.8125	 
8.825	 
8.8375	 
8.85	 
8.8625	 
8.875	 
8.8875	 
8.9	 
8.9125	 
8.925	 
8.9375	 
8.95	 
8.9625	 
8.975	 
8.9875	 
9	 
9.0125	 
9.025	 
9.0375	 
9.05	 
9.0625	 
9.075	 
9.0875	 
9.1	 
9.1125	 
9.125	 
9.1375	 
9.15	 
9.1625	 
9.175	 
9.1875	 
9.2	 
9.2125	 
9.225	 
9.2375	 
9.25	 
9.2625	 
9.275	 
9.2875	 
9.3	 
9.3125	 
9.325	 
9.3375	 
9.35	 
9.3625	 
9.375	 
9.3875	 
9.4	 
9.4125	 
9.425	 
9.4375	 
9.45	 
9.4625	 
9.475	 
9.4875	 
9.5	 
9.5125	 
9.525	 
9.5375	 
9.55	 
9.5625	 
9.575	 
9.5875	 
9.6	 
9.6125	 
9.625	 
9.6375	 
9.65	 
9.6625	 
9.675	 
9.6875	 
9.7	 
9.7125	 
9.725	 
9.7375	 
9.75	 
9.7625	 
9.775	 
9.7875	 
9.8	 
9.8125	 
9.825	 
9.8375	 
9.85	 
9.8625	 
9.875	 
9.8875	 
9.9	 
9.9125	 
9.925	 
9.9375	 
9.95	 
9.9625	 
9.975	 
9.9875	 
10	 
10.0125	 
10.025	 
10.0375	 
10.05	 
10.0625	 
10.075	 
10.0875	 
10.1	 
10.1125	 
10.125	 
10.1375	 
10.15	 
10.1625	 
10.175	 
10.1875	 
10.2	 
10.2125	 
10.225	 
10.2375	 
10.25	 
10.2625	 
10.275	 
10.2875	 
10.3	 
10.3125	 
10.325	 
10.3375	 
10.35	 
10.3625	 
10.375	 
10.3875	 
10.4	 
10.4125	 
10.425	 
10.4375	 
10.45	 
10.4625	 
10.475	 
10.4875	 
10.5	 
10.5125	 
10.525	 
10.5375	 
10.55	 
10.5625	 
10.575	 
10.5875	 
10.6	 
10.6125	 
10.625	 
10.6375	 
10.65	 
10.6625	 
10.675	 
10.6875	 
10.7	 
10.7125	 
10.725	 
10.7375	 
10.75	 
10.7625	 
10.775	 
10.7875	 
10.8	 
10.8125	 
10.825	 
10.8375	 
10.85	 
10.8625	 
10.875	 
10.8875	 
10.9	 
10.9125	 
10.925	 
10.9375	 
10.95	 
10.9625	 
10.975	 
10.9875	 
11	 
11.0125	 
11.025	 
11.0375	 
11.05	 
11.0625	 
11.075	 
11.0875	 
11.1	 
11.1125	 
11.125	 
11.1375	 
11.15	 
11.1625	 
11.175	 
11.1875	 
11.2	 
11.2125	 
11.225	 
11.2375	 
11.25	 
11.2625	 
11.275	 
11.2875	 
11.3	 
11.3125	 
11.325	 
11.3375	 
11.35	 
11.3625	 
11.375	 
11.3875	 
11.4	 
11.4125	 
11.425	 
11.4375	 
11.45	 
11.4625	 
11.475	 
11.4875	 
11.5	 
11.5125	 
11.525	 
11.5375	 
11.55	 
11.5625	 
11.575	 
11.5875	 
11.6	 
11.6125	 
11.625	 
11.6375	 
11.65	 
11.6625	 
11.675	 
11.6875	 
11.7	 
11.7125	 
11.725	 
11.7375	 
11.75	 
11.7625	 
11.775	 
11.7875	 
11.8	 
11.8125	 
11.825	 
11.8375	 
11.85	 
11.8625	 
11.875	 
11.8875	 
11.9	 
11.9125	 
11.925	 
11.9375	 
11.95	 
11.9625	 
11.975	 
11.9875	 
12	 
12.0125	 
12.025	 
12.0375	 
12.05	 
12.0625	 
12.075	 
12.0875	 
12.1	 
12.1125	 
12.125	 
12.1375	 
12.15	 
12.1625	 
12.175	 
12.1875	 
12.2	 
12.2125	 
12.225	 
12.2375	 
12.25	 
12.2625	 
12.275	 
12.2875	 
12.3	 
12.3125	 
12.325	 
12.3375	 
12.35	 
12.3625	 
12.375	 
12.3875	 
12.4	 
12.4125	 
12.425	 
12.4375	 
12.45	 
12.4625	 
12.475	 
12.4875	 
12.5	 
12.5125	 
12.525	 
12.5375	 
12.55	 
12.5625	 
12.575	 
12.5875	 
12.6	 
12.6125	 
12.625	 
12.6375	 
12.65	 
12.6625	 
12.675	 
12.6875	 
12.7	 
12.7125	 
12.725	 
12.7375	 
12.75	 
12.7625	 
12.775	 
12.7875	 
12.8	 
12.8125	 
12.825	 
12.8375	 
12.85	 
12.8625	 
12.875	 
12.8875	 
12.9	 
12.9125	 
12.925	 
12.9375	 
12.95	 
12.9625	 
12.975	 
12.9875	 
13	 
13.0125	 
13.025	 
13.0375	 
13.05	 
13.0625	 
13.075	 
13.0875	 
13.1	 
13.1125	 
13.125	 
13.1375	 
13.15	 
13.1625	 
13.175	 
13.1875	 
13.2	 
13.2125	 
13.225	 
13.2375	 
13.25	 
13.2625	 
13.275	 
13.2875	 
13.3	 
13.3125	 
13.325	 
13.3375	 
13.35	 
13.3625	 
13.375	 
13.3875	 
13.4	 
13.4125	 
13.425	 
13.4375	 
13.45	 
13.4625	 
13.475	 
13.4875	 
13.5	 
13.5125	 
13.525	 
13.5375	 
13.55	 
13.5625	 
13.575	 
13.5875	 
13.6	 
13.6125	 
13.625	 
13.6375	 
13.65	 
13.6625	 
13.675	 
13.6875	 
13.7	 
13.7125	 
13.725	 
13.7375	 
13.75	 
13.7625	 
13.775	 
13.7875	 
13.8	 
13.8125	 
13.825	 
13.8375	 
13.85	 
13.8625	 
13.875	 
13.8875	 
13.9	 
13.9125	 
13.925	 
13.9375	 
13.95	 
13.9625	 
13.975	 
13.9875	 
14	 
14.0125	 
14.025	 
14.0375	 
14.05	 
14.0625	 
14.075	 
14.0875	 
14.1	 
14.1125	 
14.125	 
14.1375	 
14.15	 
14.1625	 
14.175	 
14.1875	 
14.2	 
14.2125	 
14.225	 
14.2375	 
14.25	 
14.2625	 
14.275	 
14.2875	 
14.3	 
14.3125	 
14.325	 
14.3375	 
14.35	 
14.3625	 
14.375	 
14.3875	 
14.4	 
14.4125	 
14.425	 
14.4375	 
14.45	 
14.4625	 
14.475	 
14.4875	 
14.5	 
14.5125	 
14.525	 
14.5375	 
14.55	 
14.5625	 
14.575	 
14.5875	 
14.6	 
14.6125	 
14.625	 
14.6375	 
14.65	 
14.6625	 
14.675	 
14.6875	 
14.7	 
14.7125	 
14.725	 
14.7375	 
14.75	 
14.7625	 
14.775	 
14.7875	 
14.8	 
14.8125	 
14.825	 
14.8375	 
14.85	 
14.8625	 
14.875	 
14.8875	 
14.9	 
14.9125	 
14.925	 
14.9375	 
14.95	 
14.9625	 
14.975	 
14.9875	 
15	 
15.0125	 
15.025	 
15.0375	 
15.05	 
15.0625	 
15.075	 
15.0875	 
15.1	 
15.1125	 
15.125	 
15.1375	 
15.15	 
15.1625	 
15.175	 
15.1875	 
15.2	 
15.2125	 
15.225	 
15.2375	 
15.25	 
15.2625	 
15.275	 
15.2875	 
15.3	 
15.3125	 
15.325	 
15.3375	 
15.35	 
15.3625	 
15.375	 
15.3875	 
15.4	 
15.4125	 
15.425	 
15.4375	 
15.45	 
15.4625	 
15.475	 
15.4875	 
15.5	 
15.5125	 
15.525	 
15.5375	 
15.55	 
15.5625	 
15.575	 
15.5875	 
15.6	 
15.6125	 
15.625	 
15.6375	 
15.65	 
15.6625	 
15.675	 
15.6875	 
15.7	 
15.7125	 
15.725	 
15.7375	 
15.75	 
15.7625	 
15.775	 
15.7875	 
15.8	 
15.8125	 
15.825	 
15.8375	 
15.85	 
15.8625	 
15.875	 
15.8875	 
15.9	 
15.9125	 
15.925	 
15.9375	 
15.95	 
15.9625	 
15.975	 
15.9875	 
16	 
16.0125	 
16.025	 
16.0375	 
16.05	 
16.0625	 
16.075	 
16.0875	 
16.1	 
16.1125	 
16.125	 
16.1375	 
16.15	 
16.1625	 
16.175	 
16.1875	 
16.2	 
16.2125	 
16.225	 
16.2375	 
16.25	 
16.2625	 
16.275	 
16.2875	 
16.3	 
16.3125	 
16.325	 
16.3375	 
16.35	 
16.3625	 
16.375	 
16.3875	 
16.4	 
16.4125	 
16.425	 
16.4375	 
16.45	 
16.4625	 
16.475	 
16.4875	 
16.5	 
16.5125	 
16.525	 
16.5375	 
16.55	 
16.5625	 
16.575	 
16.5875	 
16.6	 
16.6125	 
16.625	 
16.6375	 
16.65	 
16.6625	 
16.675	 
16.6875	 
16.7	 
16.7125	 
16.725	 
16.7375	 
16.75	 
16.7625	 
16.775	 
16.7875	 
16.8	 
16.8125	 
16.825	 
16.8375	 
16.85	 
16.8625	 
16.875	 
16.8875	 
16.9	 
16.9125	 
16.925	 
16.9375	 
16.95	 
16.9625	 
16.975	 
16.9875	 
17	 
17.0125	 
17.025	 
17.0375	 
17.05	 
17.0625	 
17.075	 
17.0875	 
17.1	 
17.1125	 
17.125	 
17.1375	 
17.15	 
17.1625	 
17.175	 
17.1875	 
17.2	 
17.2125	 
17.225	 
17.2375	 
17.25	 
17.2625	 
17.275	 
17.2875	 
17.3	 
17.3125	 
17.325	 
17.3375	 
17.35	 
17.3625	 
17.375	 
17.3875	 
17.4	 
17.4125	 
17.425	 
17.4375	 
17.45	 
17.4625	 
17.475	 
17.4875	 
17.5	 
17.5125	 
17.525	 
17.5375	 
17.55	 
17.5625	 
17.575	 
17.5875	 
17.6	 
17.6125	 
17.625	 
17.6375	 
17.65	 
17.6625	 
17.675	 
17.6875	 
17.7	 
17.7125	 
17.725	 
17.7375	 
17.75	 
17.7625	 
17.775	 
17.7875	 
17.8	 
17.8125	 
17.825	 
17.8375	 
17.85	 
17.8625	 
17.875	 
17.8875	 
17.9	 
17.9125	 
17.925	 
17.9375	 
17.95	 
17.9625	 
17.975	 
17.9875	 
18	 
18.0125	 
18.025	 
18.0375	 
18.05	 
18.0625	 
18.075	 
18.0875	 
18.1	 
18.1125	 
18.125	 
18.1375	 
18.15	 
18.1625	 
18.175	 
18.1875	 
18.2	 
18.2125	 
18.225	 
18.2375	 
18.25	 
18.2625	 
18.275	 
18.2875	 
18.3	 
18.3125	 
18.325	 
18.3375	 
18.35	 
18.3625	 
18.375	 
18.3875	 
18.4	 
18.4125	 
18.425	 
18.4375	 
18.45	 
18.4625	 
18.475	 
18.4875	 
18.5	 
18.5125	 
18.525	 
18.5375	 
18.55	 
18.5625	 
18.575	 
18.5875	 
18.6	 
18.6125	 
18.625	 
18.6375	 
18.65	 
18.6625	 
18.675	 
18.6875	 
18.7	 
18.7125	 
18.725	 
18.7375	 
18.75	 
18.7625	 
18.775	 
18.7875	 
18.8	 
18.8125	 
18.825	 
18.8375	 
18.85	 
18.8625	 
18.875	 
18.8875	 
18.9	 
18.9125	 
18.925	 
18.9375	 
18.95	 
18.9625	 
18.975	 
18.9875	 
19	 
19.0125	 
19.025	 
19.0375	 
19.05	 
19.0625	 
19.075	 
19.0875	 
19.1	 
19.1125	 
19.125	 
19.1375	 
19.15	 
19.1625	 
19.175	 
19.1875	 
19.2	 
19.2125	 
19.225	 
19.2375	 
19.25	 
19.2625	 
19.275	 
19.2875	 
19.3	 
19.3125	 
19.325	 
19.3375	 
19.35	 
19.3625	 
19.375	 
19.3875	 
19.4	 
19.4125	 
19.425	 
19.4375	 
19.45	 
19.4625	 
19.475	 
19.4875	 
19.5	 
19.5125	 
19.525	 
19.5375	 
19.55	 
19.5625	 
19.575	 
19.5875	 
19.6	 
19.6125	 
19.625	 
19.6375	 
19.65	 
19.6625	 
19.675	 
19.6875	 
19.7	 
19.7125	 
19.725	 
19.7375	 
19.75	 
19.7625	 
19.775	 
19.7875	 
19.8	 
19.8125	 
19.825	 
19.8375	 
19.85	 
19.8625	 
19.875	 
19.8875	 
19.9	 
19.9125	 
19.925	 
19.9375	 
19.95	 
19.9625	 
19.975	 
19.9875	 
20	 
20.0125	 
20.025	 
20.0375	 
20.05	 
20.0625	 
20.075	 
20.0875	 
20.1	 
20.1125	 
20.125	 
20.1375	 
20.15	 
20.1625	 
20.175	 
20.1875	 
20.2	 
20.2125	 
20.225	 
20.2375	 
20.25	 
20.2625	 
20.275	 
20.2875	 
20.3	 
20.3125	 
20.325	 
20.3375	 
20.35	 
20.3625	 
20.375	 
20.3875	 
20.4	 
20.4125	 
20.425	 
20.4375	 
20.45	 
20.4625	 
20.475	 
20.4875	 
20.5	 
20.5125	 
20.525	 
20.5375	 
20.55	 
20.5625	 
20.575	 
20.5875	 
20.6	 
20.6125	 
20.625	 
20.6375	 
20.65	 
20.6625	 
20.675	 
20.6875	 
20.7	 
20.7125	 
20.725	 
20.7375	 
20.75	 
20.7625	 
20.775	 
20.7875	 
20.8	 
20.8125	 
20.825	 
20.8375	 
20.85	 
20.8625	 
20.875	 
20.8875	 
20.9	 
20.9125	 
20.925	 
20.9375	 
20.95	 
20.9625	 
20.975	 
20.9875	 
21	 
21.0125	 
21.025	 
21.0375	 
21.05	 
21.0625	 
21.075	 
21.0875	 
21.1	 
21.1125	 
21.125	 
21.1375	 
21.15	 
21.1625	 
21.175	 
21.1875	 
21.2	 
21.2125	 
21.225	 
21.2375	 
21.25	 
21.2625	 
21.275	 
21.2875	 
21.3	 
21.3125	 
21.325	 
21.3375	 
21.35	 
21.3625	 
21.375	 
21.3875	 
21.4	 
21.4125	 
21.425	 
21.4375	 
21.45	 
21.4625	 
21.475	 
21.4875	 
21.5	 
21.5125	 
21.525	 
21.5375	 
21.55	 
21.5625	 
21.575	 
21.5875	 
21.6	 
21.6125	 
21.625	 
21.6375	 
21.65	 
21.6625	 
21.675	 
21.6875	 
21.7	 
21.7125	 
21.725	 
21.7375	 
21.75	 
21.7625	 
21.775	 
21.7875	 
21.8	 
21.8125	 
21.825	 
21.8375	 
21.85	 
21.8625	 
21.875	 
21.8875	 
21.9	 
21.9125	 
21.925	 
21.9375	 
21.95	 
21.9625	 
21.975	 
21.9875	 
22	 
22.0125	 
22.025	 
22.0375	 
22.05	 
22.0625	 
22.075	 
22.0875	 
22.1	 
22.1125	 
22.125	 
22.1375	 
22.15	 
22.1625	 
22.175	 
22.1875	 
22.2	 
22.2125	 
22.225	 
22.2375	 
22.25	 
22.2625	 
22.275	 
22.2875	 
22.3	 
22.3125	 
22.325	 
22.3375	 
22.35	 
22.3625	 
22.375	 
22.3875	 
22.4	 
22.4125	 
22.425	 
22.4375	 
22.45	 
22.4625	 
22.475	 
22.4875	 
22.5	 
22.5125	 
22.525	 
22.5375	 
22.55	 
22.5625	 
22.575	 
22.5875	 
22.6	 
22.6125	 
22.625	 
22.6375	 
22.65	 
22.6625	 
22.675	 
22.6875	 
22.7	 
22.7125	 
22.725	 
22.7375	 
22.75	 
22.7625	 
22.775	 
22.7875	 
22.8	 
22.8125	 
22.825	 
22.8375	 
22.85	 
22.8625	 
22.875	 
22.8875	 
22.9	 
22.9125	 
22.925	 
22.9375	 
22.95	 
22.9625	 
22.975	 
22.9875	 
23	 
23.0125	 
23.025	 
23.0375	 
23.05	 
23.0625	 
23.075	 
23.0875	 
23.1	 
23.1125	 
23.125	 
23.1375	 
23.15	 
23.1625	 
23.175	 
23.1875	 
23.2	 
23.2125	 
23.225	 
23.2375	 
23.25	 
23.2625	 
23.275	 
23.2875	 
23.3	 
23.3125	 
23.325	 
23.3375	 
23.35	 
23.3625	 
23.375	 
23.3875	 
23.4	 
23.4125	 
23.425	 
23.4375	 
23.45	 
23.4625	 
23.475	 
23.4875	 
23.5	 
23.5125	 
23.525	 
23.5375	 
23.55	 
23.5625	 
23.575	 
23.5875	 
23.6	 
23.6125	 
23.625	 
23.6375	 
23.65	 
23.6625	 
23.675	 
23.6875	 
23.7	 
23.7125	 
23.725	 
23.7375	 
23.75	 
23.7625	 
23.775	 
23.7875	 
23.8	 
23.8125	 
23.825	 
23.8375	 
23.85	 
23.8625	 
23.875	 
23.8875	 
23.9	 
23.9125	 
23.925	 
23.9375	 
23.95	 
23.9625	 
23.975	 
23.9875	 
24	 
24.0125	 
24.025	 
24.0375	 
24.05	 
24.0625	 
24.075	 
24.0875	 
24.1	 
24.1125	 
24.125	 
24.1375	 
24.15	 
24.1625	 
24.175	 
24.1875	 
24.2	 
24.2125	 
24.225	 
24.2375	 
24.25	 
24.2625	 
24.275	 
24.2875	 
24.3	 
24.3125	 
24.325	 
24.3375	 
24.35	 
24.3625	 
24.375	 
24.3875	 
24.4	 
24.4125	 
24.425	 
24.4375	 
24.45	 
24.4625	 
24.475	 
24.4875	 
24.5	 
24.5125	 
24.525	 
24.5375	 
24.55	 
24.5625	 
24.575	 
24.5875	 
24.6	 
24.6125	 
24.625	 
24.6375	 
24.65	 
24.6625	 
24.675	 
24.6875	 
24.7	 
24.7125	 
24.725	 
24.7375	 
24.75	 
24.7625	 
24.775	 
24.7875	 
24.8	 
24.8125	 
24.825	 
24.8375	 
24.85	 
24.8625	 
24.875	 
24.8875	 
24.9	 
24.9125	 
24.925	 
24.9375	 
24.95	 
24.9625	 
24.975	 
24.9875	 
25	 
25.0125	 
25.025	 
25.0375	 
25.05	 
25.0625	 
25.075	 
25.0875	 
25.1	 
25.1125	 
25.125	 
25.1375	 
25.15	 
25.1625	 
25.175	 
25.1875	 
25.2	 
25.2125	 
25.225	 
25.2375	 
25.25	 
25.2625	 
25.275	 
25.2875	 
25.3	 
25.3125	 
25.325	 
25.3375	 
25.35	 
25.3625	 
25.375	 
25.3875	 
25.4	 
25.4125	 
25.425	 
25.4375	 
25.45	 
25.4625	 
25.475	 
25.4875	 
25.5	 
25.5125	 
25.525	 
25.5375	 
25.55	 
25.5625	 
25.575	 
25.5875	 
25.6	 
25.6125	 
25.625	 
25.6375	 
25.65	 
25.6625	 
25.675	 
25.6875	 
25.7	 
25.7125	 
25.725	 
25.7375	 
25.75	 
25.7625	 
25.775	 
25.7875	 
25.8	 
25.8125	 
25.825	 
25.8375	 
25.85	 
25.8625	 
25.875	 
25.8875	 
25.9	 
25.9125	 
25.925	 
25.9375	 
25.95	 
25.9625	 
25.975	 
25.9875	 
26	 
26.0125	 
26.025	 
26.0375	 
26.05	 
26.0625	 
26.075	 
26.0875	 
26.1	 
26.1125	 
26.125	 
26.1375	 
26.15	 
26.1625	 
26.175	 
26.1875	 
26.2	 
26.2125	 
26.225	 
26.2375	 
26.25	 
26.2625	 
26.275	 
26.2875	 
26.3	 
26.3125	 
26.325	 
26.3375	 
26.35	 
26.3625	 
26.375	 
26.3875	 
26.4	 
26.4125	 
26.425	 
26.4375	 
26.45	 
26.4625	 
26.475	 
26.4875	 
26.5	 
26.5125	 
26.525	 
26.5375	 
26.55	 
26.5625	 
26.575	 
26.5875	 
26.6	 
26.6125	 
26.625	 
26.6375	 
26.65	 
26.6625	 
26.675	 
26.6875	 
26.7	 
26.7125	 
26.725	 
26.7375	 
26.75	 
26.7625	 
26.775	 
26.7875	 
26.8	 
26.8125	 
26.825	 
26.8375	 
26.85	 
26.8625	 
26.875	 
26.8875	 
26.9	 
26.9125	 
26.925	 
26.9375	 
26.95	 
26.9625	 
26.975	 
26.9875	 
27	 
27.0125	 
27.025	 
27.0375	 
27.05	 
27.0625	 
27.075	 
27.0875	 
27.1	 
27.1125	 
27.125	 
27.1375	 
27.15	 
27.1625	 
27.175	 
27.1875	 
27.2	 
27.2125	 
27.225	 
27.2375	 
27.25	 
27.2625	 
27.275	 
27.2875	 
27.3	 
27.3125	 
27.325	 
27.3375	 
27.35	 
27.3625	 
27.375	 
27.3875	 
27.4	 
27.4125	 
27.425	 
27.4375	 
27.45	 
27.4625	 
27.475	 
27.4875	 
27.5	 
27.5125	 
27.525	 
27.5375	 
27.55	 
27.5625	 
27.575	 
27.5875	 
27.6	 
27.6125	 
27.625	 
27.6375	 
27.65	 
27.6625	 
27.675	 
27.6875	 
27.7	 
27.7125	 
27.725	 
27.7375	 
27.75	 
27.7625	 
27.775	 
27.7875	 
27.8	 
27.8125	 
27.825	 
27.8375	 
27.85	 
27.8625	 
27.875	 
27.8875	 
27.9	 
27.9125	 
27.925	 
27.9375	 
27.95	 
27.9625	 
27.975	 
27.9875	 
28	 
28.0125	 
28.025	 
28.0375	 
28.05	 
28.0625	 
28.075	 
28.0875	 
28.1	 
28.1125	 
28.125	 
28.1375	 
28.15	 
28.1625	 
28.175	 
28.1875	 
28.2	 
28.2125	 
28.225	 
28.2375	 
28.25	 
28.2625	 
28.275	 
28.2875	 
28.3	 
28.3125	 
28.325	 
28.3375	 
28.35	 
28.3625	 
28.375	 
28.3875	 
28.4	 
28.4125	 
28.425	 
28.4375	 
28.45	 
28.4625	 
28.475	 
28.4875	 
28.5	 
28.5125	 
28.525	 
28.5375	 
28.55	 
28.5625	 
28.575	 
28.5875	 
28.6	 
28.6125	 
28.625	 
28.6375	 
28.65	 
28.6625	 
28.675	 
28.6875	 
28.7	 
28.7125	 
28.725	 
28.7375	 
28.75	 
28.7625	 
28.775	 
28.7875	 
28.8	 
28.8125	 
28.825	 
28.8375	 
28.85	 
28.8625	 
28.875	 
28.8875	 
28.9	 
28.9125	 
28.925	 
28.9375	 
28.95	 
28.9625	 
28.975	 
28.9875	 
29	 
29.0125	 
29.025	 
29.0375	 
29.05	 
29.0625	 
29.075	 
29.0875	 
29.1	 
29.1125	 
29.125	 
29.1375	 
29.15	 
29.1625	 
29.175	 
29.1875	 
29.2	 
29.2125	 
29.225	 
29.2375	 
29.25	 
29.2625	 
29.275	 
29.2875	 
29.3	 
29.3125	 
29.325	 
29.3375	 
29.35	 
29.3625	 
29.375	 
29.3875	 
29.4	 
29.4125	 
29.425	 
29.4375	 
29.45	 
29.4625	 
29.475	 
29.4875	 
29.5	 
29.5125	 
29.525	 
29.5375	 
29.55	 
29.5625	 
29.575	 
29.5875	 
29.6	 
29.6125	 
29.625	 
29.6375	 
29.65	 
29.6625	 
29.675	 
29.6875	 
29.7	 
29.7125	 
29.725	 
29.7375	 
29.75	 
29.7625	 
29.775	 
29.7875	 
29.8	 
29.8125	 
29.825	 
29.8375	 
29.85	 
29.8625	 
29.875	 
29.8875	 
29.9	 
29.9125	 
29.925	 
29.9375	 
29.95	 
29.9625	 
29.975	 
29.9875	 
30	 
30.0125	 
30.025	 
30.0375	 
30.05	 
30.0625	 
30.075	 
30.0875	 
30.1	 
30.1125	 
30.125	 
30.1375	 
30.15	 
30.1625	 
30.175	 
30.1875	 
30.2	 
30.2125	 
30.225	 
30.2375	 
30.25	 
30.2625	 
30.275	 
30.2875	 
30.3	 
30.3125	 
30.325	 
30.3375	 
30.35	 
30.3625	 
30.375	 
30.3875	 
30.4	 
30.4125	 
30.425	 
30.4375	 
30.45	 
30.4625	 
30.475	 
30.4875	 
30.5	 
30.5125	 
30.525	 
30.5375	 
30.55	 
30.5625	 
30.575	 
30.5875	 
30.6	 
30.6125	 
30.625	 
30.6375	 
30.65	 
30.6625	 
30.675	 
30.6875	 
30.7	 
30.7125	 
30.725	 
30.7375	 
30.75	 
30.7625	 
30.775	 
30.7875	 
30.8	 
30.8125	 
30.825	 
30.8375	 
30.85	 
30.8625	 
30.875	 
30.8875	 
30.9	 
30.9125	 
30.925	 
30.9375	 
30.95	 
30.9625	 
30.975	 
30.9875	 
31	 
31.0125	 
31.025	 
31.0375	 
31.05	 
31.0625	 
31.075	 
31.0875	 
31.1	 
31.1125	 
31.125	 
31.1375	 
31.15	 
31.1625	 
31.175	 
31.1875	 
31.2	 
31.2125	 
31.225	 
31.2375	 
31.25	 
31.2625	 
31.275	 
31.2875	 
31.3	 
31.3125	 
31.325	 
31.3375	 
31.35	 
31.3625	 
31.375	 
31.3875	 
31.4	 
31.4125	 
31.425	 
31.4375	 
31.45	 
31.4625	 
31.475	 
31.4875	 
31.5	 
31.5125	 
31.525	 
31.5375	 
31.55	 
31.5625	 
31.575	 
31.5875	 
31.6	 
31.6125	 
31.625	 
31.6375	 
31.65	 
31.6625	 
31.675	 
31.6875	 
31.7	 
31.7125	 
31.725	 
31.7375	 
31.75	 
31.7625	 
31.775	 
31.7875	 
31.8	 
31.8125	 
31.825	 
31.8375	 
31.85	 
31.8625	 
31.875	 
31.8875	 
31.9	 
31.9125	 
31.925	 
31.9375	 
31.95	 
31.9625	 
31.975	 
31.9875	 
32	 
32.0125	 
32.025	 
32.0375	 
32.05	 
32.0625	 
32.075	 
32.0875	 
32.1	 
32.1125	 
32.125	 
32.1375	 
32.15	 
32.1625	 
32.175	 
32.1875	 
32.2	 
32.2125	 
32.225	 
32.2375	 
32.25	 
32.2625	 
32.275	 
32.2875	 
32.3	 
32.3125	 
32.325	 
32.3375	 
32.35	 
32.3625	 
32.375	 
32.3875	 
32.4	 
32.4125	 
32.425	 
32.4375	 
32.45	 
32.4625	 
32.475	 
32.4875	 
32.5	 
32.5125	 
32.525	 
32.5375	 
32.55	 
32.5625	 
32.575	 
32.5875	 
32.6	 
32.6125	 
32.625	 
32.6375	 
32.65	 
32.6625	 
32.675	 
32.6875	 
32.7	 
32.7125	 
32.725	 
32.7375	 
32.75	 
32.7625	 
32.775	 
32.7875	 
32.8	 
32.8125	 
32.825	 
32.8375	 
32.85	 
32.8625	 
32.875	 
32.8875	 
32.9	 
32.9125	 
32.925	 
32.9375	 
32.95	 
32.9625	 
32.975	 
32.9875	 
33	 
33.0125	 
33.025	 
33.0375	 
33.05	 
33.0625	 
33.075	 
33.0875	 
33.1	 
33.1125	 
33.125	 
33.1375	 
33.15	 
33.1625	 
33.175	 
33.1875	 
33.2	 
33.2125	 
33.225	 
33.2375	 
33.25	 
33.2625	 
33.275	 
33.2875	 
33.3	 
33.3125	 
33.325	 
33.3375	 
33.35	 
33.3625	 
33.375	 
33.3875	 
33.4	 
33.4125	 
33.425	 
33.4375	 
33.45	 
33.4625	 
33.475	 
33.4875	 
33.5	 
33.5125	 
33.525	 
33.5375	 
33.55	 
33.5625	 
33.575	 
33.5875	 
33.6	 
33.6125	 
33.625	 
33.6375	 
33.65	 
33.6625	 
33.675	 
33.6875	 
33.7	 
33.7125	 
33.725	 
33.7375	 
33.75	 
33.7625	 
33.775	 
33.7875	 
33.8	 
33.8125	 
33.825	 
33.8375	 
33.85	 
33.8625	 
33.875	 
33.8875	 
33.9	 
33.9125	 
33.925	 
33.9375	 
33.95	 
33.9625	 
33.975	 
33.9875	 
34	 
34.0125	 
34.025	 
34.0375	 
34.05	 
34.0625	 
34.075	 
34.0875	 
34.1	 
34.1125	 
34.125	 
34.1375	 
34.15	 
34.1625	 
34.175	 
34.1875	 
34.2	 
34.2125	 
34.225	 
34.2375	 
34.25	 
34.2625	 
34.275	 
34.2875	 
34.3	 
34.3125	 
34.325	 
34.3375	 
34.35	 
34.3625	 
34.375	 
34.3875	 
34.4	 
34.4125	 
34.425	 
34.4375	 
34.45	 
34.4625	 
34.475	 
34.4875	 
34.5	 
34.5125	 
34.525	 
34.5375	 
34.55	 
34.5625	 
34.575	 
34.5875	 
34.6	 
34.6125	 
34.625	 
34.6375	 
34.65	 
34.6625	 
34.675	 
34.6875	 
34.7	 
34.7125	 
34.725	 
34.7375	 
34.75	 
34.7625	 
34.775	 
34.7875	 
34.8	 
34.8125	 
34.825	 
34.8375	 
34.85	 
34.8625	 
34.875	 
34.8875	 
34.9	 
34.9125	 
34.925	 
34.9375	 
34.95	 
34.9625	 
34.975	 
34.9875	 
35	 
35.0125	 
35.025	 
35.0375	 
35.05	 
35.0625	 
35.075	 
35.0875	 
35.1	 
35.1125	 
35.125	 
35.1375	 
35.15	 
35.1625	 
35.175	 
35.1875	 
35.2	 
35.2125	 
35.225	 
35.2375	 
35.25	 
35.2625	 
35.275	 
35.2875	 
35.3	 
35.3125	 
35.325	 
35.3375	 
35.35	 
35.3625	 
35.375	 
35.3875	 
35.4	 
35.4125	 
35.425	 
35.4375	 
35.45	 
35.4625	 
35.475	 
35.4875	 
35.5	 
35.5125	 
35.525	 
35.5375	 
35.55	 
35.5625	 
35.575	 
35.5875	 
35.6	 
35.6125	 
35.625	 
35.6375	 
35.65	 
35.6625	 
35.675	 
35.6875	 
35.7	 
35.7125	 
35.725	 
35.7375	 
35.75	 
35.7625	 
35.775	 
35.7875	 
35.8	 
35.8125	 
35.825	 
35.8375	 
35.85	 
35.8625	 
35.875	 
35.8875	 
35.9	 
35.9125	 
35.925	 
35.9375	 
35.95	 
35.9625	 
35.975	 
35.9875	 
36	 
36.0125	 
36.025	 
36.0375	 
36.05	 
36.0625	 
36.075	 
36.0875	 
36.1	 
36.1125	 
36.125	 
36.1375	 
36.15	 
36.1625	 
36.175	 
36.1875	 
36.2	 
36.2125	 
36.225	 
36.2375	 
36.25	 
36.2625	 
36.275	 
36.2875	 
36.3	 
36.3125	 
36.325	 
36.3375	 
36.35	 
36.3625	 
36.375	 
36.3875	 
36.4	 
36.4125	 
36.425	 
36.4375	 
36.45	 
36.4625	 
36.475	 
36.4875	 
36.5	 
36.5125	 
36.525	 
36.5375	 
36.55	 
36.5625	 
36.575	 
36.5875	 
36.6	 
36.6125	 
36.625	 
36.6375	 
36.65	 
36.6625	 
36.675	 
36.6875	 
36.7	 
36.7125	 
36.725	 
36.7375	 
36.75	 
36.7625	 
36.775	 
36.7875	 
36.8	 
36.8125	 
36.825	 
36.8375	 
36.85	 
36.8625	 
36.875	 
36.8875	 
36.9	 
36.9125	 
36.925	 
36.9375	 
36.95	 
36.9625	 
36.975	 
36.9875	 
37	 
37.0125	 
37.025	 
37.0375	 
37.05	 
37.0625	 
37.075	 
37.0875	 
37.1	 
37.1125	 
37.125	 
37.1375	 
37.15	 
37.1625	 
37.175	 
37.1875	 
37.2	 
37.2125	 
37.225	 
37.2375	 
37.25	 
37.2625	 
37.275	 
37.2875	 
37.3	 
37.3125	 
37.325	 
37.3375	 
37.35	 
37.3625	 
37.375	 
37.3875	 
37.4	 
37.4125	 
37.425	 
37.4375	 
37.45	 
37.4625	 
37.475	 
37.4875	 
37.5	 
37.5125	 
37.525	 
37.5375	 
37.55	 
37.5625	 
37.575	 
37.5875	 
37.6	 
37.6125	 
37.625	 
37.6375	 
37.65	 
37.6625	 
37.675	 
37.6875	 
37.7	 
37.7125	 
37.725	 
37.7375	 
37.75	 
37.7625	 
37.775	 
37.7875	 
37.8	 
37.8125	 
37.825	 
37.8375	 
37.85	 
37.8625	 
37.875	 
37.8875	 
37.9	 
37.9125	 
37.925	 
37.9375	 
37.95	 
37.9625	 
37.975	 
37.9875	 
38	 
38.0125	 
38.025	 
38.0375	 
38.05	 
38.0625	 
38.075	 
38.0875	 
38.1	 
38.1125	 
38.125	 
38.1375	 
38.15	 
38.1625	 
38.175	 
38.1875	 
38.2	 
38.2125	 
38.225	 
38.2375	 
38.25	 
38.2625	 
38.275	 
38.2875	 
38.3	 
38.3125	 
38.325	 
38.3375	 
38.35	 
38.3625	 
38.375	 
38.3875	 
38.4	 
38.4125	 
38.425	 
38.4375	 
38.45	 
38.4625	 
38.475	 
38.4875	 
38.5	 
38.5125	 
38.525	 
38.5375	 
38.55	 
38.5625	 
38.575	 
38.5875	 
38.6	 
38.6125	 
38.625	 
38.6375	 
38.65	 
38.6625	 
38.675	 
38.6875	 
38.7	 
38.7125	 
38.725	 
38.7375	 
38.75	 
38.7625	 
38.775	 
38.7875	 
38.8	 
38.8125	 
38.825	 
38.8375	 
38.85	 
38.8625	 
38.875	 
38.8875	 
38.9	 
38.9125	 
38.925	 
38.9375	 
38.95	 
38.9625	 
38.975	 
38.9875	 
39	 
39.0125	 
39.025	 
39.0375	 
39.05	 
39.0625	 
39.075	 
39.0875	 
39.1	 
39.1125	 
39.125	 
39.1375	 
39.15	 
39.1625	 
39.175	 
39.1875	 
39.2	 
39.2125	 
39.225	 
39.2375	 
39.25	 
39.2625	 
39.275	 
39.2875	 
39.3	 
39.3125	 
39.325	 
39.3375	 
39.35	 
39.3625	 
39.375	 
39.3875	 
39.4	 
39.4125	 
39.425	 
39.4375	 
39.45	 
39.4625	 
39.475	 
39.4875	 
39.5	 
39.5125	 
39.525	 
39.5375	 
39.55	 
39.5625	 
39.575	 
39.5875	 
39.6	 
39.6125	 
39.625	 
39.6375	 
39.65	 
39.6625	 
39.675	 
39.6875	 
39.7	 
39.7125	 
39.725	 
39.7375	 
39.75	 
39.7625	 
39.775	 
39.7875	 
39.8	 
39.8125	 
39.825	 
39.8375	 
39.85	 
39.8625	 
39.875	 
39.8875	 
39.9	 
39.9125	 
39.925	 
39.9375	 
39.95	 
39.9625	 
39.975	 
39.9875	 
40	 
40.0125	 
40.025	 
40.0375	 
40.05	 
40.0625	 
40.075	 
40.0875	 
40.1	 
40.1125	 
40.125	 
40.1375	 
40.15	 
40.1625	 
40.175	 
40.1875	 
40.2	 
40.2125	 
40.225	 
40.2375	 
40.25	 
40.2625	 
40.275	 
40.2875	 
40.3	 
40.3125	 
40.325	 
40.3375	 
40.35	 
40.3625	 
40.375	 
40.3875	 
40.4	 
40.4125	 
40.425	 
40.4375	 
40.45	 
40.4625	 
40.475	 
40.4875	 
40.5	 
40.5125	 
40.525	 
40.5375	 
40.55	 
40.5625	 
40.575	 
40.5875	 
40.6	 
40.6125	 
40.625	 
40.6375	 
40.65	 
40.6625	 
40.675	 
40.6875	 
40.7	 
40.7125	 
40.725	 
40.7375	 
40.75	 
40.7625	 
40.775	 
40.7875	 
40.8	 
40.8125	 
40.825	 
40.8375	 
40.85	 
40.8625	 
40.875	 
40.8875	 
40.9	 
40.9125	 
40.925	 
40.9375	 
40.95	 
40.9625	 
40.975	 
40.9875	 
41	 
41.0125	 
41.025	 
41.0375	 
41.05	 
41.0625	 
41.075	 
41.0875	 
41.1	 
41.1125	 
41.125	 
41.1375	 
41.15	 
41.1625	 
41.175	 
41.1875	 
41.2	 
41.2125	 
41.225	 
41.2375	 
41.25	 
41.2625	 
41.275	 
41.2875	 
41.3	 
41.3125	 
41.325	 
41.3375	 
41.35	 
41.3625	 
41.375	 
41.3875	 
41.4	 
41.4125	 
41.425	 
41.4375	 
41.45	 
41.4625	 
41.475	 
41.4875	 
41.5	 
41.5125	 
41.525	 
41.5375	 
41.55	 
41.5625	 
41.575	 
41.5875	 
41.6	 
41.6125	 
41.625	 
41.6375	 
41.65	 
41.6625	 
41.675	 
41.6875	 
41.7	 
41.7125	 
41.725	 
41.7375	 
41.75	 
41.7625	 
41.775	 
41.7875	 
41.8	 
41.8125	 
41.825	 
41.8375	 
41.85	 
41.8625	 
41.875	 
41.8875	 
41.9	 
41.9125	 
41.925	 
41.9375	 
41.95	 
41.9625	 
41.975	 
41.9875	 
42	 
42.0125	 
42.025	 
42.0375	 
42.05	 
42.0625	 
42.075	 
42.0875	 
42.1	 
42.1125	 
42.125	 
42.1375	 
42.15	 
42.1625	 
42.175	 
42.1875	 
42.2	 
42.2125	 
42.225	 
42.2375	 
42.25	 
42.2625	 
42.275	 
42.2875	 
42.3	 
42.3125	 
42.325	 
42.3375	 
42.35	 
42.3625	 
42.375	 
42.3875	 
42.4	 
42.4125	 
42.425	 
42.4375	 
42.45	 
42.4625	 
42.475	 
42.4875	 
42.5	 
42.5125	 
42.525	 
42.5375	 
42.55	 
42.5625	 
42.575	 
42.5875	 
42.6	 
42.6125	 
42.625	 
42.6375	 
42.65	 
42.6625	 
42.675	 
42.6875	 
42.7	 
42.7125	 
42.725	 
42.7375	 
42.75	 
42.7625	 
42.775	 
42.7875	 
42.8	 
42.8125	 
42.825	 
42.8375	 
42.85	 
42.8625	 
42.875	 
42.8875	 
42.9	 
42.9125	 
42.925	 
42.9375	 
42.95	 
42.9625	 
42.975	 
42.9875	 
43	 
43.0125	 
43.025	 
43.0375	 
43.05	 
43.0625	 
43.075	 
43.0875	 
43.1	 
43.1125	 
43.125	 
43.1375	 
43.15	 
43.1625	 
43.175	 
43.1875	 
43.2	 
43.2125	 
43.225	 
43.2375	 
43.25	 
43.2625	 
43.275	 
43.2875	 
43.3	 
43.3125	 
43.325	 
43.3375	 
43.35	 
43.3625	 
43.375	 
43.3875	 
43.4	 
43.4125	 
43.425	 
43.4375	 
43.45	 
43.4625	 
43.475	 
43.4875	 
43.5	 
43.5125	 
43.525	 
43.5375	 
43.55	 
43.5625	 
43.575	 
43.5875	 
43.6	 
43.6125	 
43.625	 
43.6375	 
43.65	 
43.6625	 
43.675	 
43.6875	 
43.7	 
43.7125	 
43.725	 
43.7375	 
43.75	 
43.7625	 
43.775	 
43.7875	 
43.8	 
43.8125	 
43.825	 
43.8375	 
43.85	 
43.8625	 
43.875	 
43.8875	 
43.9	 
43.9125	 
43.925	 
43.9375	 
43.95	 
43.9625	 
43.975	 
43.9875	 
44	 
44.0125	 
44.025	 
44.0375	 
44.05	 
44.0625	 
44.075	 
44.0875	 
44.1	 
44.1125	 
44.125	 
44.1375	 
44.15	 
44.1625	 
44.175	 
44.1875	 
44.2	 
44.2125	 
44.225	 
44.2375	 
44.25	 
44.2625	 
44.275	 
44.2875	 
44.3	 
44.3125	 
44.325	 
44.3375	 
44.35	 
44.3625	 
44.375	 
44.3875	 
44.4	 
44.4125	 
44.425	 
44.4375	 
44.45	 
44.4625	 
44.475	 
44.4875	 
44.5	 
44.5125	 
44.525	 
44.5375	 
44.55	 
44.5625	 
44.575	 
44.5875	 
44.6	 
44.6125	 
44.625	 
44.6375	 
44.65	 
44.6625	 
44.675	 
44.6875	 
44.7	 
44.7125	 
44.725	 
44.7375	 
44.75	 
44.7625	 
44.775	 
44.7875	 
44.8	 
44.8125	 
44.825	 
44.8375	 
44.85	 
44.8625	 
44.875	 
44.8875	 
44.9	 
44.9125	 
44.925	 
44.9375	 
44.95	 
44.9625	 
44.975	 
44.9875	 
45	 
45.0125	 
45.025	 
45.0375	 
45.05	 
45.0625	 
45.075	 
45.0875	 
45.1	 
45.1125	 
45.125	 
45.1375	 
45.15	 
45.1625	 
45.175	 
45.1875	 
45.2	 
45.2125	 
45.225	 
45.2375	 
45.25	 
45.2625	 
45.275	 
45.2875	 
45.3	 
45.3125	 
45.325	 
45.3375	 
45.35	 
45.3625	 
45.375	 
45.3875	 
45.4	 
45.4125	 
45.425	 
45.4375	 
45.45	 
45.4625	 
45.475	 
45.4875	 
45.5	 
45.5125	 
45.525	 
45.5375	 
45.55	 
45.5625	 
45.575	 
45.5875	 
45.6	 
45.6125	 
45.625	 
45.6375	 
45.65	 
45.6625	 
45.675	 
45.6875	 
45.7	 
45.7125	 
45.725	 
45.7375	 
45.75	 
45.7625	 
45.775	 
45.7875	 
45.8	 
45.8125	 
45.825	 
45.8375	 
45.85	 
45.8625	 
45.875	 
45.8875	 
45.9	 
45.9125	 
45.925	 
45.9375	 
45.95	 
45.9625	 
45.975	 
45.9875	 
46	 
46.0125	 
46.025	 
46.0375	 
46.05	 
46.0625	 
46.075	 
46.0875	 
46.1	 
46.1125	 
46.125	 
46.1375	 
46.15	 
46.1625	 
46.175	 
46.1875	 
46.2	 
46.2125	 
46.225	 
46.2375	 
46.25	 
46.2625	 
46.275	 
46.2875	 
46.3	 
46.3125	 
46.325	 
46.3375	 
46.35	 
46.3625	 
46.375	 
46.3875	 
46.4	 
46.4125	 
46.425	 
46.4375	 
46.45	 
46.4625	 
46.475	 
46.4875	 
46.5	 
46.5125	 
46.525	 
46.5375	 
46.55	 
46.5625	 
46.575	 
46.5875	 
46.6	 
46.6125	 
46.625	 
46.6375	 
46.65	 
46.6625	 
46.675	 
46.6875	 
46.7	 
46.7125	 
46.725	 
46.7375	 
46.75	 
46.7625	 
46.775	 
46.7875	 
46.8	 
46.8125	 
46.825	 
46.8375	 
46.85	 
46.8625	 
46.875	 
46.8875	 
46.9	 
46.9125	 
46.925	 
46.9375	 
46.95	 
46.9625	 
46.975	 
46.9875	 
47	 
47.0125	 
47.025	 
47.0375	 
47.05	 
47.0625	 
47.075	 
47.0875	 
47.1	 
47.1125	 
47.125	 
47.1375	 
47.15	 
47.1625	 
47.175	 
47.1875	 
47.2	 
47.2125	 
47.225	 
47.2375	 
47.25	 
47.2625	 
47.275	 
47.2875	 
47.3	 
47.3125	 
47.325	 
47.3375	 
47.35	 
47.3625	 
47.375	 
47.3875	 
47.4	 
47.4125	 
47.425	 
47.4375	 
47.45	 
47.4625	 
47.475	 
47.4875	 
47.5	 
47.5125	 
47.525	 
47.5375	 
47.55	 
47.5625	 
47.575	 
47.5875	 
47.6	 
47.6125	 
47.625	 
47.6375	 
47.65	 
47.6625	 
47.675	 
47.6875	 
47.7	 
47.7125	 
47.725	 
47.7375	 
47.75	 
47.7625	 
47.775	 
47.7875	 
47.8	 
47.8125	 
47.825	 
47.8375	 
47.85	 
47.8625	 
47.875	 
47.8875	 
47.9	 
47.9125	 
47.925	 
47.9375	 
47.95	 
47.9625	 
47.975	 
47.9875	 
48	 
48.0125	 
48.025	 
48.0375	 
48.05	 
48.0625	 
48.075	 
48.0875	 
48.1	 
48.1125	 
48.125	 
48.1375	 
48.15	 
48.1625	 
48.175	 
48.1875	 
48.2	 
48.2125	 
48.225	 
48.2375	 
48.25	 
48.2625	 
48.275	 
48.2875	 
48.3	 
48.3125	 
48.325	 
48.3375	 
48.35	 
48.3625	 
48.375	 
48.3875	 
48.4	 
48.4125	 
48.425	 
48.4375	 
48.45	 
48.4625	 
48.475	 
48.4875	 
48.5	 
48.5125	 
48.525	 
48.5375	 
48.55	 
48.5625	 
48.575	 
48.5875	 
48.6	 
48.6125	 
48.625	 
48.6375	 
48.65	 
48.6625	 
48.675	 
48.6875	 
48.7	 
48.7125	 
48.725	 
48.7375	 
48.75	 
48.7625	 
48.775	 
48.7875	 
48.8	 
48.8125	 
48.825	 
48.8375	 
48.85	 
48.8625	 
48.875	 
48.8875	 
48.9	 
48.9125	 
48.925	 
48.9375	 
48.95	 
48.9625	 
48.975	 
48.9875	 
49	 
49.0125	 
49.025	 
49.0375	 
49.05	 
49.0625	 
49.075	 
49.0875	 
49.1	 
49.1125	 
49.125	 
49.1375	 
49.15	 
49.1625	 
49.175	 
49.1875	 
49.2	 
49.2125	 
49.225	 
49.2375	 
49.25	 
49.2625	 
49.275	 
49.2875	 
49.3	 
49.3125	 
49.325	 
49.3375	 
49.35	 
49.3625	 
49.375	 
49.3875	 
49.4	 
49.4125	 
49.425	 
49.4375	 
49.45	 
49.4625	 
49.475	 
49.4875	 
49.5	 
49.5125	 
49.525	 
49.5375	 
49.55	 
49.5625	 
49.575	 
49.5875	 
49.6	 
49.6125	 
49.625	 
49.6375	 
49.65	 
49.6625	 
49.675	 
49.6875	 
49.7	 
49.7125	 
49.725	 
49.7375	 
49.75	 
49.7625	 
49.775	 
49.7875	 
49.8	 
49.8125	 
49.825	 
49.8375	 
49.85	 
49.8625	 
49.875	 
49.8875	 
49.9	 
49.9125	 
49.925	 
49.9375	 
49.95	 
49.9625	 
49.975	 
49.9875	 
50	 
50.0125	 
50.025	 
50.0375	 
50.05	 
50.0625	 
50.075	 
50.0875	 
50.1	 
50.1125	 
50.125	 
50.1375	 
50.15	 
50.1625	 
50.175	 
50.1875	 
50.2	 
50.2125	 
50.225	 
50.2375	 
50.25	 
50.2625	 
50.275	 
50.2875	 
50.3	 
50.3125	 
50.325	 
50.3375	 
50.35	 
50.3625	 
50.375	 
50.3875	 
50.4	 
50.4125	 
50.425	 
50.4375	 
50.45	 
50.4625	 
50.475	 
50.4875	 
50.5	 
50.5125	 
50.525	 
50.5375	 
50.55	 
50.5625	 
50.575	 
50.5875	 
50.6	 
50.6125	 
50.625	 
50.6375	 
50.65	 
50.6625	 
50.675	 
50.6875	 
50.7	 
50.7125	 
50.725	 
50.7375	 
50.75	 
50.7625	 
50.775	 
50.7875	 
50.8	 
50.8125	 
50.825	 
50.8375	 
50.85	 
50.8625	 
50.875	 
50.8875	 
50.9	 
50.9125	 
50.925	 
50.9375	 
50.95	 
50.9625	 
50.975	 
50.9875	 
51	 
51.0125	 
51.025	 
51.0375	 
51.05	 
51.0625	 
51.075	 
51.0875	 
51.1	 
51.1125	 
51.125	 
51.1375	 
51.15	 
51.1625	 
51.175	 
51.1875	 
51.2	 
51.2125	 
51.225	 
51.2375	 
51.25	 
51.2625	 
51.275	 
51.2875	 
51.3	 
51.3125	 
51.325	 
51.3375	 
51.35	 
51.3625	 
51.375	 
51.3875	 
51.4	 
51.4125	 
51.425	 
51.4375	 
51.45	 
51.4625	 
51.475	 
51.4875	 
51.5	 
51.5125	 
51.525	 
51.5375	 
51.55	 
51.5625	 
51.575	 
51.5875	 
51.6	 
51.6125	 
51.625	 
51.6375	 
51.65	 
51.6625	 
51.675	 
51.6875	 
51.7	 
51.7125	 
51.725	 
51.7375	 
51.75	 
51.7625	 
51.775	 
51.7875	 
51.8	 
51.8125	 
51.825	 
51.8375	 
51.85	 
51.8625	 
51.875	 
51.8875	 
51.9	 
51.9125	 
51.925	 
51.9375	 
51.95	 
51.9625	 
51.975	 
51.9875	 
52	 
52.0125	 
52.025	 
52.0375	 
52.05	 
52.0625	 
52.075	 
52.0875	 
52.1	 
52.1125	 
52.125	 
52.1375	 
52.15	 
52.1625	 
52.175	 
52.1875	 
52.2	 
52.2125	 
52.225	 
52.2375	 
52.25	 
52.2625	 
52.275	 
52.2875	 
52.3	 
52.3125	 
52.325	 
52.3375	 
52.35	 
52.3625	 
52.375	 
52.3875	 
52.4	 
52.4125	 
52.425	 
52.4375	 
52.45	 
52.4625	 
52.475	 
52.4875	 
52.5	 
52.5125	 
52.525	 
52.5375	 
52.55	 
52.5625	 
52.575	 
52.5875	 
52.6	 
52.6125	 
52.625	 
52.6375	 
52.65	 
52.6625	 
52.675	 
52.6875	 
52.7	 
52.7125	 
52.725	 
52.7375	 
52.75	 
52.7625	 
52.775	 
52.7875	 
52.8	 
52.8125	 
52.825	 
52.8375	 
52.85	 
52.8625	 
52.875	 
52.8875	 
52.9	 
52.9125	 
52.925	 
52.9375	 
52.95	 
52.9625	 
52.975	 
52.9875	 
53	 
53.0125	 
53.025	 
53.0375	 
53.05	 
53.0625	 
53.075	 
53.0875	 
53.1	 
53.1125	 
53.125	 
53.1375	 
53.15	 
53.1625	 
53.175	 
53.1875	 
53.2	 
53.2125	 
53.225	 
53.2375	 
53.25	 
53.2625	 
53.275	 
53.2875	 
53.3	 
53.3125	 
53.325	 
53.3375	 
53.35	 
53.3625	 
53.375	 
53.3875	 
53.4	 
53.4125	 
53.425	 
53.4375	 
53.45	 
53.4625	 
53.475	 
53.4875	 
53.5	 
53.5125	 
53.525	 
53.5375	 
53.55	 
53.5625	 
53.575	 
53.5875	 
53.6	 
53.6125	 
53.625	 
53.6375	 
53.65	 
53.6625	 
53.675	 
53.6875	 
53.7	 
53.7125	 
53.725	 
53.7375	 
53.75	 
53.7625	 
53.775	 
53.7875	 
53.8	 
53.8125	 
53.825	 
53.8375	 
53.85	 
53.8625	 
53.875	 
53.8875	 
53.9	 
53.9125	 
53.925	 
53.9375	 
53.95	 
53.9625	 
53.975	 
53.9875	 
54	 
54.0125	 
54.025	 
54.0375	 
54.05	 
54.0625	 
54.075	 
54.0875	 
54.1	 
54.1125	 
54.125	 
54.1375	 
54.15	 
54.1625	 
54.175	 
54.1875	 
54.2	 
54.2125	 
54.225	 
54.2375	 
54.25	 
54.2625	 
54.275	 
54.2875	 
54.3	 
54.3125	 
54.325	 
54.3375	 
54.35	 
54.3625	 
54.375	 
54.3875	 
54.4	 
54.4125	 
54.425	 
54.4375	 
54.45	 
54.4625	 
54.475	 
54.4875	 
54.5	 
54.5125	 
54.525	 
54.5375	 
54.55	 
54.5625	 
54.575	 
54.5875	 
54.6	 
54.6125	 
54.625	 
54.6375	 
54.65	 
54.6625	 
54.675	 
54.6875	 
54.7	 
54.7125	 
54.725	 
54.7375	 
54.75	 
54.7625	 
54.775	 
54.7875	 
54.8	 
54.8125	 
54.825	 
54.8375	 
54.85	 
54.8625	 
54.875	 
54.8875	 
54.9	 
54.9125	 
54.925	 
54.9375	 
54.95	 
54.9625	 
54.975	 
54.9875	 
55	 
55.0125	 
55.025	 
55.0375	 
55.05	 
55.0625	 
55.075	 
55.0875	 
55.1	 
55.1125	 
55.125	 
55.1375	 
55.15	 
55.1625	 
55.175	 
55.1875	 
55.2	 
55.2125	 
55.225	 
55.2375	 
55.25	 
55.2625	 
55.275	 
55.2875	 
55.3	 
55.3125	 
55.325	 
55.3375	 
55.35	 
55.3625	 
55.375	 
55.3875	 
55.4	 
55.4125	 
55.425	 
55.4375	 
55.45	 
55.4625	 
55.475	 
55.4875	 
55.5	 
55.5125	 
55.525	 
55.5375	 
55.55	 
55.5625	 
55.575	 
55.5875	 
55.6	 
55.6125	 
55.625	 
55.6375	 
55.65	 
55.6625	 
55.675	 
55.6875	 
55.7	 
55.7125	 
55.725	 
55.7375	 
55.75	 
55.7625	 
55.775	 
55.7875	 
55.8	 
55.8125	 
55.825	 
55.8375	 
55.85	 
55.8625	 
55.875	 
55.8875	 
55.9	 
55.9125	 
55.925	 
55.9375	 
55.95	 
55.9625	 
55.975	 
55.9875	 
56	 
56.0125	 
56.025	 
56.0375	 
56.05	 
56.0625	 
56.075	 
56.0875	 
56.1	 
56.1125	 
56.125	 
56.1375	 
56.15	 
56.1625	 
56.175	 
56.1875	 
56.2	 
56.2125	 
56.225	 
56.2375	 
56.25	 
56.2625	 
56.275	 
56.2875	 
56.3	 
56.3125	 
56.325	 
56.3375	 
56.35	 
56.3625	 
56.375	 
56.3875	 
56.4	 
56.4125	 
56.425	 
56.4375	 
56.45	 
56.4625	 
56.475	 
56.4875	 
56.5	 
56.5125	 
56.525	 
56.5375	 
56.55	 
56.5625	 
56.575	 
56.5875	 
56.6	 
56.6125	 
56.625	 
56.6375	 
56.65	 
56.6625	 
56.675	 
56.6875	 
56.7	 
56.7125	 
56.725	 
56.7375	 
56.75	 
56.7625	 
56.775	 
56.7875	 
56.8	 
56.8125	 
56.825	 
56.8375	 
56.85	 
56.8625	 
56.875	 
56.8875	 
56.9	 
56.9125	 
56.925	 
56.9375	 
56.95	 
56.9625	 
56.975	 
56.9875	 
57	 
57.0125	 
57.025	 
57.0375	 
57.05	 
57.0625	 
57.075	 
57.0875	 
57.1	 
57.1125	 
57.125	 
57.1375	 
57.15	 
57.1625	 
57.175	 
57.1875	 
57.2	 
57.2125	 
57.225	 
57.2375	 
57.25	 
57.2625	 
57.275	 
57.2875	 
57.3	 
57.3125	 
57.325	 
57.3375	 
57.35	 
57.3625	 
57.375	 
57.3875	 
57.4	 
57.4125	 
57.425	 
57.4375	 
57.45	 
57.4625	 
57.475	 
57.4875	 
57.5	 
57.5125	 
57.525	 
57.5375	 
57.55	 
57.5625	 
57.575	 
57.5875	 
57.6	 
57.6125	 
57.625	 
57.6375	 
57.65	 
57.6625	 
57.675	 
57.6875	 
57.7	 
57.7125	 
57.725	 
57.7375	 
57.75	 
57.7625	 
57.775	 
57.7875	 
57.8	 
57.8125	 
57.825	 
57.8375	 
57.85	 
57.8625	 
57.875	 
57.8875	 
57.9	 
57.9125	 
57.925	 
57.9375	 
57.95	 
57.9625	 
57.975	 
57.9875	 
58	 
58.0125	 
58.025	 
58.0375	 
58.05	 
58.0625	 
58.075	 
58.0875	 
58.1	 
58.1125	 
58.125	 
58.1375	 
58.15	 
58.1625	 
58.175	 
58.1875	 
58.2	 
58.2125	 
58.225	 
58.2375	 
58.25	 
58.2625	 
58.275	 
58.2875	 
58.3	 
58.3125	 
58.325	 
58.3375	 
58.35	 
58.3625	 
58.375	 
58.3875	 
58.4	 
58.4125	 
58.425	 
58.4375	 
58.45	 
58.4625	 
58.475	 
58.4875	 
58.5	 
58.5125	 
58.525	 
58.5375	 
58.55	 
58.5625	 
58.575	 
58.5875	 
58.6	 
58.6125	 
58.625	 
58.6375	 
58.65	 
58.6625	 
58.675	 
58.6875	 
58.7	 
58.7125	 
58.725	 
58.7375	 
58.75	 
58.7625	 
58.775	 
58.7875	 
58.8	 
58.8125	 
58.825	 
58.8375	 
58.85	 
58.8625	 
58.875	 
58.8875	 
58.9	 
58.9125	 
58.925	 
58.9375	 
58.95	 
58.9625	 
58.975	 
58.9875	 
59	 
59.0125	 
59.025	 
59.0375	 
59.05	 
59.0625	 
59.075	 
59.0875	 
59.1	 
59.1125	 
59.125	 
59.1375	 
59.15	 
59.1625	 
59.175	 
59.1875	 
59.2	 
59.2125	 
59.225	 
59.2375	 
59.25	 
59.2625	 
59.275	 
59.2875	 
59.3	 
59.3125	 
59.325	 
59.3375	 
59.35	 
59.3625	 
59.375	 
59.3875	 
59.4	 
59.4125	 
59.425	 
59.4375	 
59.45	 
59.4625	 
59.475	 
59.4875	 
59.5	 
59.5125	 
59.525	 
59.5375	 
59.55	 
59.5625	 
59.575	 
59.5875	 
59.6	 
59.6125	 
59.625	 
59.6375	 
59.65	 
59.6625	 
59.675	 
59.6875	 
59.7	 
59.7125	 
59.725	 
59.7375	 
59.75	 
59.7625	 
59.775	 
59.7875	 
59.8	 
59.8125	 
59.825	 
59.8375	 
59.85	 
59.8625	 
59.875	 
59.8875	 
59.9	 
59.9125	 
59.925	 
59.9375	 
59.95	 
59.9625	 
59.975	 
59.9875	 
60	 
60.0125	 
60.025	 
60.0375	 
60.05	 
60.0625	 
60.075	 
60.0875	 
60.1	 
60.1125	 
60.125	 
60.1375	 
60.15	 
60.1625	 
60.175	 
60.1875	 
60.2	 
60.2125	 
60.225	 
60.2375	 
60.25	 
60.2625	 
60.275	 
60.2875	 
60.3	 
60.3125	 
60.325	 
60.3375	 
60.35	 
60.3625	 
60.375	 
60.3875	 
60.4	 
60.4125	 
60.425	 
60.4375	 
60.45	 
60.4625	 
60.475	 
60.4875	 
60.5	 
60.5125	 
60.525	 
60.5375	 
60.55	 
60.5625	 
60.575	 
60.5875	 
60.6	 
60.6125	 
60.625	 
60.6375	 
60.65	 
60.6625	 
60.675	 
60.6875	 
60.7	 
60.7125	 
60.725	 
60.7375	 
60.75	 
60.7625	 
60.775	 
60.7875	 
60.8	 
60.8125	 
60.825	 
60.8375	 
60.85	 
60.8625	 
60.875	 
60.8875	 
60.9	 
60.9125	 
60.925	 
60.9375	 
60.95	 
60.9625	 
60.975	 
60.9875	 
61	 
61.0125	 
61.025	 
61.0375	 
61.05	 
61.0625	 
61.075	 
61.0875	 
61.1	 
61.1125	 
61.125	 
61.1375	 
61.15	 
61.1625	 
61.175	 
61.1875	 
61.2	 
61.2125	 
61.225	 
61.2375	 
61.25	 
61.2625	 
61.275	 
61.2875	 
61.3	 
61.3125	 
61.325	 
61.3375	 
61.35	 
61.3625	 
61.375	 
61.3875	 
61.4	 
61.4125	 
61.425	 
61.4375	 
61.45	 
61.4625	 
61.475	 
61.4875	 
61.5	 
61.5125	 
61.525	 
61.5375	 
61.55	 
61.5625	 
61.575	 
61.5875	 
61.6	 
61.6125	 
61.625	 
61.6375	 
61.65	 
61.6625	 
61.675	 
61.6875	 
61.7	 
61.7125	 
61.725	 
61.7375	 
61.75	 
61.7625	 
61.775	 
61.7875	 
61.8	 
61.8125	 
61.825	 
61.8375	 
61.85	 
61.8625	 
61.875	 
61.8875	 
61.9	 
61.9125	 
61.925	 
61.9375	 
61.95	 
61.9625	 
61.975	 
61.9875	 
62	 
62.0125	 
62.025	 
62.0375	 
62.05	 
62.0625	 
62.075	 
62.0875	 
62.1	 
62.1125	 
62.125	 
62.1375	 
62.15	 
62.1625	 
62.175	 
62.1875	 
62.2	 
62.2125	 
62.225	 
62.2375	 
62.25	 
62.2625	 
62.275	 
62.2875	 
62.3	 
62.3125	 
62.325	 
62.3375	 
62.35	 
62.3625	 
62.375	 
62.3875	 
62.4	 
62.4125	 
62.425	 
62.4375	 
62.45	 
62.4625	 
62.475	 
62.4875	 
62.5	 
62.5125	 
62.525	 
62.5375	 
62.55	 
62.5625	 
62.575	 
62.5875	 
62.6	 
62.6125	 
62.625	 
62.6375	 
62.65	 
62.6625	 
62.675	 
62.6875	 
62.7	 
62.7125	 
62.725	 
62.7375	 
62.75	 
62.7625	 
62.775	 
62.7875	 
62.8	 
62.8125	 
62.825	 
62.8375	 
62.85	 
62.8625	 
62.875	 
62.8875	 
62.9	 
62.9125	 
62.925	 
62.9375	 
62.95	 
62.9625	 
62.975	 
62.9875	 
63	 
63.0125	 
63.025	 
63.0375	 
63.05	 
63.0625	 
63.075	 
63.0875	 
63.1	 
63.1125	 
63.125	 
63.1375	 
63.15	 
63.1625	 
63.175	 
63.1875	 
63.2	 
63.2125	 
63.225	 
63.2375	 
63.25	 
63.2625	 
63.275	 
63.2875	 
63.3	 
63.3125	 
63.325	 
63.3375	 
63.35	 
63.3625	 
63.375	 
63.3875	 
63.4	 
63.4125	 
63.425	 
63.4375	 
63.45	 
63.4625	 
63.475	 
63.4875	 
63.5	 
63.5125	 
63.525	 
63.5375	 
63.55	 
63.5625	 
63.575	 
63.5875	 
63.6	 
63.6125	 
63.625	 
63.6375	 
63.65	 
63.6625	 
63.675	 
63.6875	 
63.7	 
63.7125	 
63.725	 
63.7375	 
63.75	 
63.7625	 
63.775	 
63.7875	 
63.8	 
63.8125	 
63.825	 
63.8375	 
63.85	 
63.8625	 
63.875	 
63.8875	 
63.9	 
63.9125	 
63.925	 
63.9375	 
63.95	 
63.9625	 
63.975	 
63.9875	 
64	 
64.0125	 
64.025	 
64.0375	 
64.05	 
64.0625	 
64.075	 
64.0875	 
64.1	 
64.1125	 
64.125	 
64.1375	 
64.15	 
64.1625	 
64.175	 
64.1875	 
64.2	 
64.2125	 
64.225	 
64.2375	 
64.25	 
64.2625	 
64.275	 
64.2875	 
64.3	 
64.3125	 
64.325	 
64.3375	 
64.35	 
64.3625	 
64.375	 
64.3875	 
64.4	 
64.4125	 
64.425	 
64.4375	 
64.45	 
64.4625	 
64.475	 
64.4875	 
64.5	 
64.5125	 
64.525	 
64.5375	 
64.55	 
64.5625	 
64.575	 
64.5875	 
64.6	 
64.6125	 
64.625	 
64.6375	 
64.65	 
64.6625	 
64.675	 
64.6875	 
64.7	 
64.7125	 
64.725	 
64.7375	 
64.75	 
64.7625	 
64.775	 
64.7875	 
64.8	 
64.8125	 
64.825	 
64.8375	 
64.85	 
64.8625	 
64.875	 
64.8875	 
64.9	 
64.9125	 
64.925	 
64.9375	 
64.95	 
64.9625	 
64.975	 
64.9875	 
65	 
65.0125	 
65.025	 
65.0375	 
65.05	 
65.0625	 
65.075	 
65.0875	 
65.1	 
65.1125	 
65.125	 
65.1375	 
65.15	 
65.1625	 
65.175	 
65.1875	 
65.2	 
65.2125	 
65.225	 
65.2375	 
65.25	 
65.2625	 
65.275	 
65.2875	 
65.3	 
65.3125	 
65.325	 
65.3375	 
65.35	 
65.3625	 
65.375	 
65.3875	 
65.4	 
65.4125	 
65.425	 
65.4375	 
65.45	 
65.4625	 
65.475	 
65.4875	 
65.5	 
65.5125	 
65.525	 
65.5375	 
65.55	 
65.5625	 
65.575	 
65.5875	 
65.6	 
65.6125	 
65.625	 
65.6375	 
65.65	 
65.6625	 
65.675	 
65.6875	 
65.7	 
65.7125	 
65.725	 
65.7375	 
65.75	 
65.7625	 
65.775	 
65.7875	 
65.8	 
65.8125	 
65.825	 
65.8375	 
65.85	 
65.8625	 
65.875	 
65.8875	 
65.9	 
65.9125	 
65.925	 
65.9375	 
65.95	 
65.9625	 
65.975	 
65.9875	 
66	 
66.0125	 
66.025	 
66.0375	 
66.05	 
66.0625	 
66.075	 
66.0875	 
66.1	 
66.1125	 
66.125	 
66.1375	 
66.15	 
66.1625	 
66.175	 
66.1875	 
66.2	 
66.2125	 
66.225	 
66.2375	 
66.25	 
66.2625	 
66.275	 
66.2875	 
66.3	 
66.3125	 
66.325	 
66.3375	 
66.35	 
66.3625	 
66.375	 
66.3875	 
66.4	 
66.4125	 
66.425	 
66.4375	 
66.45	 
66.4625	 
66.475	 
66.4875	 
66.5	 
66.5125	 
66.525	 
66.5375	 
66.55	 
66.5625	 
66.575	 
66.5875	 
66.6	 
66.6125	 
66.625	 
66.6375	 
66.65	 
66.6625	 
66.675	 
66.6875	 
66.7	 
66.7125	 
66.725	 
66.7375	 
66.75	 
66.7625	 
66.775	 
66.7875	 
66.8	 
66.8125	 
66.825	 
66.8375	 
66.85	 
66.8625	 
66.875	 
66.8875	 
66.9	 
66.9125	 
66.925	 
66.9375	 
66.95	 
66.9625	 
66.975	 
66.9875	 
67	 
67.0125	 
67.025	 
67.0375	 
67.05	 
67.0625	 
67.075	 
67.0875	 
67.1	 
67.1125	 
67.125	 
67.1375	 
67.15	 
67.1625	 
67.175	 
67.1875	 
67.2	 
67.2125	 
67.225	 
67.2375	 
67.25	 
67.2625	 
67.275	 
67.2875	 
67.3	 
67.3125	 
67.325	 
67.3375	 
67.35	 
67.3625	 
67.375	 
67.3875	 
67.4	 
67.4125	 
67.425	 
67.4375	 
67.45	 
67.4625	 
67.475	 
67.4875	 
67.5	 
67.5125	 
67.525	 
67.5375	 
67.55	 
67.5625	 
67.575	 
67.5875	 
67.6	 
67.6125	 
67.625	 
67.6375	 
67.65	 
67.6625	 
67.675	 
67.6875	 
67.7	 
67.7125	 
67.725	 
67.7375	 
67.75	 
67.7625	 
67.775	 
67.7875	 
67.8	 
67.8125	 
67.825	 
67.8375	 
67.85	 
67.8625	 
67.875	 
67.8875	 
67.9	 
67.9125	 
67.925	 
67.9375	 
67.95	 
67.9625	 
67.975	 
67.9875	 
68	 
68.0125	 
68.025	 
68.0375	 
68.05	 
68.0625	 
68.075	 
68.0875	 
68.1	 
68.1125	 
68.125	 
68.1375	 
68.15	 
68.1625	 
68.175	 
68.1875	 
68.2	 
68.2125	 
68.225	 
68.2375	 
68.25	 
68.2625	 
68.275	 
68.2875	 
68.3	 
68.3125	 
68.325	 
68.3375	 
68.35	 
68.3625	 
68.375	 
68.3875	 
68.4	 
68.4125	 
68.425	 
68.4375	 
68.45	 
68.4625	 
68.475	 
68.4875	 
68.5	 
68.5125	 
68.525	 
68.5375	 
68.55	 
68.5625	 
68.575	 
68.5875	 
68.6	 
68.6125	 
68.625	 
68.6375	 
68.65	 
68.6625	 
68.675	 
68.6875	 
68.7	 
68.7125	 
68.725	 
68.7375	 
68.75	 
68.7625	 
68.775	 
68.7875	 
68.8	 
68.8125	 
68.825	 
68.8375	 
68.85	 
68.8625	 
68.875	 
68.8875	 
68.9	 
68.9125	 
68.925	 
68.9375	 
68.95	 
68.9625	 
68.975	 
68.9875	 
69	 
69.0125	 
69.025	 
69.0375	 
69.05	 
69.0625	 
69.075	 
69.0875	 
69.1	 
69.1125	 
69.125	 
69.1375	 
69.15	 
69.1625	 
69.175	 
69.1875	 
69.2	 
69.2125	 
69.225	 
69.2375	 
69.25	 
69.2625	 
69.275	 
69.2875	 
69.3	 
69.3125	 
69.325	 
69.3375	 
69.35	 
69.3625	 
69.375	 
69.3875	 
69.4	 
69.4125	 
69.425	 
69.4375	 
69.45	 
69.4625	 
69.475	 
69.4875	 
69.5	 
69.5125	 
69.525	 
69.5375	 
69.55	 
69.5625	 
69.575	 
69.5875	 
69.6	 
69.6125	 
69.625	 
69.6375	 
69.65	 
69.6625	 
69.675	 
69.6875	 
69.7	 
69.7125	 
69.725	 
69.7375	 
69.75	 
69.7625	 
69.775	 
69.7875	 
69.8	 
69.8125	 
69.825	 
69.8375	 
69.85	 
69.8625	 
69.875	 
69.8875	 
69.9	 
69.9125	 
69.925	 
69.9375	 
69.95	 
69.9625	 
69.975	 
69.9875	 
70	 
70.0125	 
70.025	 
70.0375	 
70.05	 
70.0625	 
70.075	 
70.0875	 
70.1	 
70.1125	 
70.125	 
70.1375	 
70.15	 
70.1625	 
70.175	 
70.1875	 
70.2	 
70.2125	 
70.225	 
70.2375	 
70.25	 
70.2625	 
70.275	 
70.2875	 
70.3	 
70.3125	 
70.325	 
70.3375	 
70.35	 
70.3625	 
70.375	 
70.3875	 
70.4	 
70.4125	 
70.425	 
70.4375	 
70.45	 
70.4625	 
70.475	 
70.4875	 
70.5	 
70.5125	 
70.525	 
70.5375	 
70.55	 
70.5625	 
70.575	 
70.5875	 
70.6	 
70.6125	 
70.625	 
70.6375	 
70.65	 
70.6625	 
70.675	 
70.6875	 
70.7	 
70.7125	 
70.725	 
70.7375	 
70.75	 
70.7625	 
70.775	 
70.7875	 
70.8	 
70.8125	 
70.825	 
70.8375	 
70.85	 
70.8625	 
70.875	 
70.8875	 
70.9	 
70.9125	 
70.925	 
70.9375	 
70.95	 
70.9625	 
70.975	 
70.9875	 
71	 
71.0125	 
71.025	 
71.0375	 
71.05	 
71.0625	 
71.075	 
71.0875	 
71.1	 
71.1125	 
71.125	 
71.1375	 
71.15	 
71.1625	 
71.175	 
71.1875	 
71.2	 
71.2125	 
71.225	 
71.2375	 
71.25	 
71.2625	 
71.275	 
71.2875	 
71.3	 
71.3125	 
71.325	 
71.3375	 
71.35	 
71.3625	 
71.375	 
71.3875	 
71.4	 
71.4125	 
71.425	 
71.4375	 
71.45	 
71.4625	 
71.475	 
71.4875	 
71.5	 
71.5125	 
71.525	 
71.5375	 
71.55	 
71.5625	 
71.575	 
71.5875	 
71.6	 
71.6125	 
71.625	 
71.6375	 
71.65	 
71.6625	 
71.675	 
71.6875	 
71.7	 
71.7125	 
71.725	 
71.7375	 
71.75	 
71.7625	 
71.775	 
71.7875	 
71.8	 
71.8125	 
71.825	 
71.8375	 
71.85	 
71.8625	 
71.875	 
71.8875	 
71.9	 
71.9125	 
71.925	 
71.9375	 
71.95	 
71.9625	 
71.975	 
71.9875	 
72	 
72.0125	 
72.025	 
72.0375	 
72.05	 
72.0625	 
72.075	 
72.0875	 
72.1	 
72.1125	 
72.125	 
72.1375	 
72.15	 
72.1625	 
72.175	 
72.1875	 
72.2	 
72.2125	 
72.225	 
72.2375	 
72.25	 
72.2625	 
72.275	 
72.2875	 
72.3	 
72.3125	 
72.325	 
72.3375	 
72.35	 
72.3625	 
72.375	 
72.3875	 
72.4	 
72.4125	 
72.425	 
72.4375	 
72.45	 
72.4625	 
72.475	 
72.4875	 
72.5	 
72.5125	 
72.525	 
72.5375	 
72.55	 
72.5625	 
72.575	 
72.5875	 
72.6	 
72.6125	 
72.625	 
72.6375	 
72.65	 
72.6625	 
72.675	 
72.6875	 
72.7	 
72.7125	 
72.725	 
72.7375	 
72.75	 
72.7625	 
72.775	 
72.7875	 
72.8	 
72.8125	 
72.825	 
72.8375	 
72.85	 
72.8625	 
72.875	 
72.8875	 
72.9	 
72.9125	 
72.925	 
72.9375	 
72.95	 
72.9625	 
72.975	 
72.9875	 
73	 
73.0125	 
73.025	 
73.0375	 
73.05	 
73.0625	 
73.075	 
73.0875	 
73.1	 
73.1125	 
73.125	 
73.1375	 
73.15	 
73.1625	 
73.175	 
73.1875	 
73.2	 
73.2125	 
73.225	 
73.2375	 
73.25	 
73.2625	 
73.275	 
73.2875	 
73.3	 
73.3125	 
73.325	 
73.3375	 
73.35	 
73.3625	 
73.375	 
73.3875	 
73.4	 
73.4125	 
73.425	 
73.4375	 
73.45	 
73.4625	 
73.475	 
73.4875	 
73.5	 
73.5125	 
73.525	 
73.5375	 
73.55	 
73.5625	 
73.575	 
73.5875	 
73.6	 
73.6125	 
73.625	 
73.6375	 
73.65	 
73.6625	 
73.675	 
73.6875	 
73.7	 
73.7125	 
73.725	 
73.7375	 
73.75	 
73.7625	 
73.775	 
73.7875	 
73.8	 
73.8125	 
73.825	 
73.8375	 
73.85	 
73.8625	 
73.875	 
73.8875	 
73.9	 
73.9125	 
73.925	 
73.9375	 
73.95	 
73.9625	 
73.975	 
73.9875	 
74	 
74.0125	 
74.025	 
74.0375	 
74.05	 
74.0625	 
74.075	 
74.0875	 
74.1	 
74.1125	 
74.125	 
74.1375	 
74.15	 
74.1625	 
74.175	 
74.1875	 
74.2	 
74.2125	 
74.225	 
74.2375	 
74.25	 
74.2625	 
74.275	 
74.2875	 
74.3	 
74.3125	 
74.325	 
74.3375	 
74.35	 
74.3625	 
74.375	 
74.3875	 
74.4	 
74.4125	 
74.425	 
74.4375	 
74.45	 
74.4625	 
74.475	 
74.4875	 
74.5	 
74.5125	 
74.525	 
74.5375	 
74.55	 
74.5625	 
74.575	 
74.5875	 
74.6	 
74.6125	 
74.625	 
74.6375	 
74.65	 
74.6625	 
74.675	 
74.6875	 
74.7	 
74.7125	 
74.725	 
74.7375	 
74.75	 
74.7625	 
74.775	 
74.7875	 
74.8	 
74.8125	 
74.825	 
74.8375	 
74.85	 
74.8625	 
74.875	 
74.8875	 
74.9	 
74.9125	 
74.925	 
74.9375	 
74.95	 
74.9625	 
74.975	 
74.9875	 
75	 
75.0125	 
75.025	 
75.0375	 
75.05	 
75.0625	 
75.075	 
75.0875	 
75.1	 
75.1125	 
75.125	 
75.1375	 
75.15	 
75.1625	 
75.175	 
75.1875	 
75.2	 
75.2125	 
75.225	 
75.2375	 
75.25	 
75.2625	 
75.275	 
75.2875	 
75.3	 
75.3125	 
75.325	 
75.3375	 
75.35	 
75.3625	 
75.375	 
75.3875	 
75.4	 
75.4125	 
75.425	 
75.4375	 
75.45	 
75.4625	 
75.475	 
75.4875	 
75.5	 
75.5125	 
75.525	 
75.5375	 
75.55	 
75.5625	 
75.575	 
75.5875	 
75.6	 
75.6125	 
75.625	 
75.6375	 
75.65	 
75.6625	 
75.675	 
75.6875	 
75.7	 
75.7125	 
75.725	 
75.7375	 
75.75	 
75.7625	 
75.775	 
75.7875	 
75.8	 
75.8125	 
75.825	 
75.8375	 
75.85	 
75.8625	 
75.875	 
75.8875	 
75.9	 
75.9125	 
75.925	 
75.9375	 
75.95	 
75.9625	 
75.975	 
75.9875	 
76	 
76.0125	 
76.025	 
76.0375	 
76.05	 
76.0625	 
76.075	 
76.0875	 
76.1	 
76.1125	 
76.125	 
76.1375	 
76.15	 
76.1625	 
76.175	 
76.1875	 
76.2	 
76.2125	 
76.225	 
76.2375	 
76.25	 
76.2625	 
76.275	 
76.2875	 
76.3	 
76.3125	 
76.325	 
76.3375	 
76.35	 
76.3625	 
76.375	 
76.3875	 
76.4	 
76.4125	 
76.425	 
76.4375	 
76.45	 
76.4625	 
76.475	 
76.4875	 
76.5	 
76.5125	 
76.525	 
76.5375	 
76.55	 
76.5625	 
76.575	 
76.5875	 
76.6	 
76.6125	 
76.625	 
76.6375	 
76.65	 
76.6625	 
76.675	 
76.6875	 
76.7	 
76.7125	 
76.725	 
76.7375	 
76.75	 
76.7625	 
76.775	 
76.7875	 
76.8	 
76.8125	 
76.825	 
76.8375	 
76.85	 
76.8625	 
76.875	 
76.8875	 
76.9	 
76.9125	 
76.925	 
76.9375	 
76.95	 
76.9625	 
76.975	 
76.9875	 
77	 
77.0125	 
77.025	 
77.0375	 
77.05	 
77.0625	 
77.075	 
77.0875	 
77.1	 
77.1125	 
77.125	 
77.1375	 
77.15	 
77.1625	 
77.175	 
77.1875	 
77.2	 
77.2125	 
77.225	 
77.2375	 
77.25	 
77.2625	 
77.275	 
77.2875	 
77.3	 
77.3125	 
77.325	 
77.3375	 
77.35	 
77.3625	 
77.375	 
77.3875	 
77.4	 
77.4125	 
77.425	 
77.4375	 
77.45	 
77.4625	 
77.475	 
77.4875	 
77.5	 
77.5125	 
77.525	 
77.5375	 
77.55	 
77.5625	 
77.575	 
77.5875	 
77.6	 
77.6125	 
77.625	 
77.6375	 
77.65	 
77.6625	 
77.675	 
77.6875	 
77.7	 
77.7125	 
77.725	 
77.7375	 
77.75	 
77.7625	 
77.775	 
77.7875	 
77.8	 
77.8125	 
77.825	 
77.8375	 
77.85	 
77.8625	 
77.875	 
77.8875	 
77.9	 
77.9125	 
77.925	 
77.9375	 
77.95	 
77.9625	 
77.975	 
77.9875	 
78	 
78.0125	 
78.025	 
78.0375	 
78.05	 
78.0625	 
78.075	 
78.0875	 
78.1	 
78.1125	 
78.125	 
78.1375	 
78.15	 
78.1625	 
78.175	 
78.1875	 
78.2	 
78.2125	 
78.225	 
78.2375	 
78.25	 
78.2625	 
78.275	 
78.2875	 
78.3	 
78.3125	 
78.325	 
78.3375	 
78.35	 
78.3625	 
78.375	 
78.3875	 
78.4	 
78.4125	 
78.425	 
78.4375	 
78.45	 
78.4625	 
78.475	 
78.4875	 
78.5	 
78.5125	 
78.525	 
78.5375	 
78.55	 
78.5625	 
78.575	 
78.5875	 
78.6	 
78.6125	 
78.625	 
78.6375	 
78.65	 
78.6625	 
78.675	 
78.6875	 
78.7	 
78.7125	 
78.725	 
78.7375	 
78.75	 
78.7625	 
78.775	 
78.7875	 
78.8	 
78.8125	 
78.825	 
78.8375	 
78.85	 
78.8625	 
78.875	 
78.8875	 
78.9	 
78.9125	 
78.925	 
78.9375	 
78.95	 
78.9625	 
78.975	 
78.9875	 
79	 
79.0125	 
79.025	 
79.0375	 
79.05	 
79.0625	 
79.075	 
79.0875	 
79.1	 
79.1125	 
79.125	 
79.1375	 
79.15	 
79.1625	 
79.175	 
79.1875	 
79.2	 
79.2125	 
79.225	 
79.2375	 
79.25	 
79.2625	 
79.275	 
79.2875	 
79.3	 
79.3125	 
79.325	 
79.3375	 
79.35	 
79.3625	 
79.375	 
79.3875	 
79.4	 
79.4125	 
79.425	 
79.4375	 
79.45	 
79.4625	 
79.475	 
79.4875	 
79.5	 
79.5125	 
79.525	 
79.5375	 
79.55	 
79.5625	 
79.575	 
79.5875	 
79.6	 
79.6125	 
79.625	 
79.6375	 
79.65	 
79.6625	 
79.675	 
79.6875	 
79.7	 
79.7125	 
79.725	 
79.7375	 
79.75	 
79.7625	 
79.775	 
79.7875	 
79.8	 
79.8125	 
79.825	 
79.8375	 
79.85	 
79.8625	 
79.875	 
79.8875	 
79.9	 
79.9125	 
79.925	 
79.9375	 
79.95	 
79.9625	 
79.975	 
79.9875	 
80	 
80.0125	 
80.025	 
80.0375	 
80.05	 
80.0625	 
80.075	 
80.0875	 
80.1	 
80.1125	 
80.125	 
80.1375	 
80.15	 
80.1625	 
80.175	 
80.1875	 
80.2	 
80.2125	 
80.225	 
80.2375	 
80.25	 
80.2625	 
80.275	 
80.2875	 
80.3	 
80.3125	 
80.325	 
80.3375	 
80.35	 
80.3625	 
80.375	 
80.3875	 
80.4	 
80.4125	 
80.425	 
80.4375	 
80.45	 
80.4625	 
80.475	 
80.4875	 
80.5	 
80.5125	 
80.525	 
80.5375	 
80.55	 
80.5625	 
80.575	 
80.5875	 
80.6	 
80.6125	 
80.625	 
80.6375	 
80.65	 
80.6625	 
80.675	 
80.6875	 
80.7	 
80.7125	 
80.725	 
80.7375	 
80.75	 
80.7625	 
80.775	 
80.7875	 
80.8	 
80.8125	 
80.825	 
80.8375	 
80.85	 
80.8625	 
80.875	 
80.8875	 
80.9	 
80.9125	 
80.925	 
80.9375	 
80.95	 
80.9625	 
80.975	 
80.9875	 
81	 
81.0125	 
81.025	 
81.0375	 
81.05	 
81.0625	 
81.075	 
81.0875	 
81.1	 
81.1125	 
81.125	 
81.1375	 
81.15	 
81.1625	 
81.175	 
81.1875	 
81.2	 
81.2125	 
81.225	 
81.2375	 
81.25	 
81.2625	 
81.275	 
81.2875	 
81.3	 
81.3125	 
81.325	 
81.3375	 
81.35	 
81.3625	 
81.375	 
81.3875	 
81.4	 
81.4125	 
81.425	 
81.4375	 
81.45	 
81.4625	 
81.475	 
81.4875	 
81.5	 
81.5125	 
81.525	 
81.5375	 
81.55	 
81.5625	 
81.575	 
81.5875	 
81.6	 
81.6125	 
81.625	 
81.6375	 
81.65	 
81.6625	 
81.675	 
81.6875	 
81.7	 
81.7125	 
81.725	 
81.7375	 
81.75	 
81.7625	 
81.775	 
81.7875	 
81.8	 
81.8125	 
81.825	 
81.8375	 
81.85	 
81.8625	 
81.875	 
81.8875	 
81.9	 
81.9125	 
81.925	 
81.9375	 
81.95	 
81.9625	 
81.975	 
81.9875	 
82	 
82.0125	 
82.025	 
82.0375	 
82.05	 
82.0625	 
82.075	 
82.0875	 
82.1	 
82.1125	 
82.125	 
82.1375	 
82.15	 
82.1625	 
82.175	 
82.1875	 
82.2	 
82.2125	 
82.225	 
82.2375	 
82.25	 
82.2625	 
82.275	 
82.2875	 
82.3	 
82.3125	 
82.325	 
82.3375	 
82.35	 
82.3625	 
82.375	 
82.3875	 
82.4	 
82.4125	 
82.425	 
82.4375	 
82.45	 
82.4625	 
82.475	 
82.4875	 
82.5	 
82.5125	 
82.525	 
82.5375	 
82.55	 
82.5625	 
82.575	 
82.5875	 
82.6	 
82.6125	 
82.625	 
82.6375	 
82.65	 
82.6625	 
82.675	 
82.6875	 
82.7	 
82.7125	 
82.725	 
82.7375	 
82.75	 
82.7625	 
82.775	 
82.7875	 
82.8	 
82.8125	 
82.825	 
82.8375	 
82.85	 
82.8625	 
82.875	 
82.8875	 
82.9	 
82.9125	 
82.925	 
82.9375	 
82.95	 
82.9625	 
82.975	 
82.9875	 
83	 
83.0125	 
83.025	 
83.0375	 
83.05	 
83.0625	 
83.075	 
83.0875	 
83.1	 
83.1125	 
83.125	 
83.1375	 
83.15	 
83.1625	 
83.175	 
83.1875	 
83.2	 
83.2125	 
83.225	 
83.2375	 
83.25	 
83.2625	 
83.275	 
83.2875	 
83.3	 
83.3125	 
83.325	 
83.3375	 
83.35	 
83.3625	 
83.375	 
83.3875	 
83.4	 
83.4125	 
83.425	 
83.4375	 
83.45	 
83.4625	 
83.475	 
83.4875	 
83.5	 
83.5125	 
83.525	 
83.5375	 
83.55	 
83.5625	 
83.575	 
83.5875	 
83.6	 
83.6125	 
83.625	 
83.6375	 
83.65	 
83.6625	 
83.675	 
83.6875	 
83.7	 
83.7125	 
83.725	 
83.7375	 
83.75	 
83.7625	 
83.775	 
83.7875	 
83.8	 
83.8125	 
83.825	 
83.8375	 
83.85	 
83.8625	 
83.875	 
83.8875	 
83.9	 
83.9125	 
83.925	 
83.9375	 
83.95	 
83.9625	 
83.975	 
83.9875	 
84	 
84.0125	 
84.025	 
84.0375	 
84.05	 
84.0625	 
84.075	 
84.0875	 
84.1	 
84.1125	 
84.125	 
84.1375	 
84.15	 
84.1625	 
84.175	 
84.1875	 
84.2	 
84.2125	 
84.225	 
84.2375	 
84.25	 
84.2625	 
84.275	 
84.2875	 
84.3	 
84.3125	 
84.325	 
84.3375	 
84.35	 
84.3625	 
84.375	 
84.3875	 
84.4	 
84.4125	 
84.425	 
84.4375	 
84.45	 
84.4625	 
84.475	 
84.4875	 
84.5	 
84.5125	 
84.525	 
84.5375	 
84.55	 
84.5625	 
84.575	 
84.5875	 
84.6	 
84.6125	 
84.625	 
84.6375	 
84.65	 
84.6625	 
84.675	 
84.6875	 
84.7	 
84.7125	 
84.725	 
84.7375	 
84.75	 
84.7625	 
84.775	 
84.7875	 
84.8	 
84.8125	 
84.825	 
84.8375	 
84.85	 
84.8625	 
84.875	 
84.8875	 
84.9	 
84.9125	 
84.925	 
84.9375	 
84.95	 
84.9625	 
84.975	 
84.9875	 
85	 
85.0125	 
85.025	 
85.0375	 
85.05	 
85.0625	 
85.075	 
85.0875	 
85.1	 
85.1125	 
85.125	 
85.1375	 
85.15	 
85.1625	 
85.175	 
85.1875	 
85.2	 
85.2125	 
85.225	 
85.2375	 
85.25	 
85.2625	 
85.275	 
85.2875	 
85.3	 
85.3125	 
85.325	 
85.3375	 
85.35	 
85.3625	 
85.375	 
85.3875	 
85.4	 
85.4125	 
85.425	 
85.4375	 
85.45	 
85.4625	 
85.475	 
85.4875	 
85.5	 
85.5125	 
85.525	 
85.5375	 
85.55	 
85.5625	 
85.575	 
85.5875	 
85.6	 
85.6125	 
85.625	 
85.6375	 
85.65	 
85.6625	 
85.675	 
85.6875	 
85.7	 
85.7125	 
85.725	 
85.7375	 
85.75	 
85.7625	 
85.775	 
85.7875	 
85.8	 
85.8125	 
85.825	 
85.8375	 
85.85	 
85.8625	 
85.875	 
85.8875	 
85.9	 
85.9125	 
85.925	 
85.9375	 
85.95	 
85.9625	 
85.975	 
85.9875	 
86	 
86.0125	 
86.025	 
86.0375	 
86.05	 
86.0625	 
86.075	 
86.0875	 
86.1	 
86.1125	 
86.125	 
86.1375	 
86.15	 
86.1625	 
86.175	 
86.1875	 
86.2	 
86.2125	 
86.225	 
86.2375	 
86.25	 
86.2625	 
86.275	 
86.2875	 
86.3	 
86.3125	 
86.325	 
86.3375	 
86.35	 
86.3625	 
86.375	 
86.3875	 
86.4	 
86.4125	 
86.425	 
86.4375	 
86.45	 
86.4625	 
86.475	 
86.4875	 
86.5	 
86.5125	 
86.525	 
86.5375	 
86.55	 
86.5625	 
86.575	 
86.5875	 
86.6	 
86.6125	 
86.625	 
86.6375	 
86.65	 
86.6625	 
86.675	 
86.6875	 
86.7	 
86.7125	 
86.725	 
86.7375	 
86.75	 
86.7625	 
86.775	 
86.7875	 
86.8	 
86.8125	 
86.825	 
86.8375	 
86.85	 
86.8625	 
86.875	 
86.8875	 
86.9	 
86.9125	 
86.925	 
86.9375	 
86.95	 
86.9625	 
86.975	 
86.9875	 
87	 
87.0125	 
87.025	 
87.0375	 
87.05	 
87.0625	 
87.075	 
87.0875	 
87.1	 
87.1125	 
87.125	 
87.1375	 
87.15	 
87.1625	 
87.175	 
87.1875	 
87.2	 
87.2125	 
87.225	 
87.2375	 
87.25	 
87.2625	 
87.275	 
87.2875	 
87.3	 
87.3125	 
87.325	 
87.3375	 
87.35	 
87.3625	 
87.375	 
87.3875	 
87.4	 
87.4125	 
87.425	 
87.4375	 
87.45	 
87.4625	 
87.475	 
87.4875	 
87.5	 
87.5125	 
87.525	 
87.5375	 
87.55	 
87.5625	 
87.575	 
87.5875	 
87.6	 
87.6125	 
87.625	 
87.6375	 
87.65	 
87.6625	 
87.675	 
87.6875	 
87.7	 
87.7125	 
87.725	 
87.7375	 
87.75	 
87.7625	 
87.775	 
87.7875	 
87.8	 
87.8125	 
87.825	 
87.8375	 
87.85	 
87.8625	 
87.875	 
87.8875	 
87.9	 
87.9125	 
87.925	 
87.9375	 
87.95	 
87.9625	 
87.975	 
87.9875	 
88	 
88.0125	 
88.025	 
88.0375	 
88.05	 
88.0625	 
88.075	 
88.0875	 
88.1	 
88.1125	 
88.125	 
88.1375	 
88.15	 
88.1625	 
88.175	 
88.1875	 
88.2	 
88.2125	 
88.225	 
88.2375	 
88.25	 
88.2625	 
88.275	 
88.2875	 
88.3	 
88.3125	 
88.325	 
88.3375	 
88.35	 
88.3625	 
88.375	 
88.3875	 
88.4	 
88.4125	 
88.425	 
88.4375	 
88.45	 
88.4625	 
88.475	 
88.4875	 
88.5	 
88.5125	 
88.525	 
88.5375	 
88.55	 
88.5625	 
88.575	 
88.5875	 
88.6	 
88.6125	 
88.625	 
88.6375	 
88.65	 
88.6625	 
88.675	 
88.6875	 
88.7	 
88.7125	 
88.725	 
88.7375	 
88.75	 
88.7625	 
88.775	 
88.7875	 
88.8	 
88.8125	 
88.825	 
88.8375	 
88.85	 
88.8625	 
88.875	 
88.8875	 
88.9	 
88.9125	 
88.925	 
88.9375	 
88.95	 
88.9625	 
88.975	 
88.9875	 
89	 
89.0125	 
89.025	 
89.0375	 
89.05	 
89.0625	 
89.075	 
89.0875	 
89.1	 
89.1125	 
89.125	 
89.1375	 
89.15	 
89.1625	 
89.175	 
89.1875	 
89.2	 
89.2125	 
89.225	 
89.2375	 
89.25	 
89.2625	 
89.275	 
89.2875	 
89.3	 
89.3125	 
89.325	 
89.3375	 
89.35	 
89.3625	 
89.375	 
89.3875	 
89.4	 
89.4125	 
89.425	 
89.4375	 
89.45	 
89.4625	 
89.475	 
89.4875	 
89.5	 
89.5125	 
89.525	 
89.5375	 
89.55	 
89.5625	 
89.575	 
89.5875	 
89.6	 
89.6125	 
89.625	 
89.6375	 
89.65	 
89.6625	 
89.675	 
89.6875	 
89.7	 
89.7125	 
89.725	 
89.7375	 
89.75	 
89.7625	 
89.775	 
89.7875	 
89.8	 
89.8125	 
89.825	 
89.8375	 
89.85	 
89.8625	 
89.875	 
89.8875	 
89.9	 
89.9125	 
89.925	 
89.9375	 
89.95	 
89.9625	 
89.975	 
89.9875	 
90	 
90.0125	 
90.025	 
90.0375	 
90.05	 
90.0625	 
90.075	 
90.0875	 
90.1	 
90.1125	 
90.125	 
90.1375	 
90.15	 
90.1625	 
90.175	 
90.1875	 
90.2	 
90.2125	 
90.225	 
90.2375	 
90.25	 
90.2625	 
90.275	 
90.2875	 
90.3	 
90.3125	 
90.325	 
90.3375	 
90.35	 
90.3625	 
90.375	 
90.3875	 
90.4	 
90.4125	 
90.425	 
90.4375	 
90.45	 
90.4625	 
90.475	 
90.4875	 
90.5	 
90.5125	 
90.525	 
90.5375	 
90.55	 
90.5625	 
90.575	 
90.5875	 
90.6	 
90.6125	 
90.625	 
90.6375	 
90.65	 
90.6625	 
90.675	 
90.6875	 
90.7	 
90.7125	 
90.725	 
90.7375	 
90.75	 
90.7625	 
90.775	 
90.7875	 
90.8	 
90.8125	 
90.825	 
90.8375	 
90.85	 
90.8625	 
90.875	 
90.8875	 
90.9	 
90.9125	 
90.925	 
90.9375	 
90.95	 
90.9625	 
90.975	 
90.9875	 
91	 
91.0125	 
91.025	 
91.0375	 
91.05	 
91.0625	 
91.075	 
91.0875	 
91.1	 
91.1125	 
91.125	 
91.1375	 
91.15	 
91.1625	 
91.175	 
91.1875	 
91.2	 
91.2125	 
91.225	 
91.2375	 
91.25	 
91.2625	 
91.275	 
91.2875	 
91.3	 
91.3125	 
91.325	 
91.3375	 
91.35	 
91.3625	 
91.375	 
91.3875	 
91.4	 
91.4125	 
91.425	 
91.4375	 
91.45	 
91.4625	 
91.475	 
91.4875	 
91.5	 
91.5125	 
91.525	 
91.5375	 
91.55	 
91.5625	 
91.575	 
91.5875	 
91.6	 
91.6125	 
91.625	 
91.6375	 
91.65	 
91.6625	 
91.675	 
91.6875	 
91.7	 
91.7125	 
91.725	 
91.7375	 
91.75	 
91.7625	 
91.775	 
91.7875	 
91.8	 
91.8125	 
91.825	 
91.8375	 
91.85	 
91.8625	 
91.875	 
91.8875	 
91.9	 
91.9125	 
91.925	 
91.9375	 
91.95	 
91.9625	 
91.975	 
91.9875	 
92	 
92.0125	 
92.025	 
92.0375	 
92.05	 
92.0625	 
92.075	 
92.0875	 
92.1	 
92.1125	 
92.125	 
92.1375	 
92.15	 
92.1625	 
92.175	 
92.1875	 
92.2	 
92.2125	 
92.225	 
92.2375	 
92.25	 
92.2625	 
92.275	 
92.2875	 
92.3	 
92.3125	 
92.325	 
92.3375	 
92.35	 
92.3625	 
92.375	 
92.3875	 
92.4	 
92.4125	 
92.425	 
92.4375	 
92.45	 
92.4625	 
92.475	 
92.4875	 
92.5	 
92.5125	 
92.525	 
92.5375	 
92.55	 
92.5625	 
92.575	 
92.5875	 
92.6	 
92.6125	 
92.625	 
92.6375	 
92.65	 
92.6625	 
92.675	 
92.6875	 
92.7	 
92.7125	 
92.725	 
92.7375	 
92.75	 
92.7625	 
92.775	 
92.7875	 
92.8	 
92.8125	 
92.825	 
92.8375	 
92.85	 
92.8625	 
92.875	 
92.8875	 
92.9	 
92.9125	 
92.925	 
92.9375	 
92.95	 
92.9625	 
92.975	 
92.9875	 
93	 
93.0125	 
93.025	 
93.0375	 
93.05	 
93.0625	 
93.075	 
93.0875	 
93.1	 
93.1125	 
93.125	 
93.1375	 
93.15	 
93.1625	 
93.175	 
93.1875	 
93.2	 
93.2125	 
93.225	 
93.2375	 
93.25	 
93.2625	 
93.275	 
93.2875	 
93.3	 
93.3125	 
93.325	 
93.3375	 
93.35	 
93.3625	 
93.375	 
93.3875	 
93.4	 
93.4125	 
93.425	 
93.4375	 
93.45	 
93.4625	 
93.475	 
93.4875	 
93.5	 
93.5125	 
93.525	 
93.5375	 
93.55	 
93.5625	 
93.575	 
93.5875	 
93.6	 
93.6125	 
93.625	 
93.6375	 
93.65	 
93.6625	 
93.675	 
93.6875	 
93.7	 
93.7125	 
93.725	 
93.7375	 
93.75	 
93.7625	 
93.775	 
93.7875	 
93.8	 
93.8125	 
93.825	 
93.8375	 
93.85	 
93.8625	 
93.875	 
93.8875	 
93.9	 
93.9125	 
93.925	 
93.9375	 
93.95	 
93.9625	 
93.975	 
93.9875	 
94	 
94.0125	 
94.025	 
94.0375	 
94.05	 
94.0625	 
94.075	 
94.0875	 
94.1	 
94.1125	 
94.125	 
94.1375	 
94.15	 
94.1625	 
94.175	 
94.1875	 
94.2	 
94.2125	 
94.225	 
94.2375	 
94.25	 
94.2625	 
94.275	 
94.2875	 
94.3	 
94.3125	 
94.325	 
94.3375	 
94.35	 
94.3625	 
94.375	 
94.3875	 
94.4	 
94.4125	 
94.425	 
94.4375	 
94.45	 
94.4625	 
94.475	 
94.4875	 
94.5	 
94.5125	 
94.525	 
94.5375	 
94.55	 
94.5625	 
94.575	 
94.5875	 
94.6	 
94.6125	 
94.625	 
94.6375	 
94.65	 
94.6625	 
94.675	 
94.6875	 
94.7	 
94.7125	 
94.725	 
94.7375	 
94.75	 
94.7625	 
94.775	 
94.7875	 
94.8	 
94.8125	 
94.825	 
94.8375	 
94.85	 
94.8625	 
94.875	 
94.8875	 
94.9	 
94.9125	 
94.925	 
94.9375	 
94.95	 
94.9625	 
94.975	 
94.9875	 
95	 
95.0125	 
95.025	 
95.0375	 
95.05	 
95.0625	 
95.075	 
95.0875	 
95.1	 
95.1125	 
95.125	 
95.1375	 
95.15	 
95.1625	 
95.175	 
95.1875	 
95.2	 
95.2125	 
95.225	 
95.2375	 
95.25	 
95.2625	 
95.275	 
95.2875	 
95.3	 
95.3125	 
95.325	 
95.3375	 
95.35	 
95.3625	 
95.375	 
95.3875	 
95.4	 
95.4125	 
95.425	 
95.4375	 
95.45	 
95.4625	 
95.475	 
95.4875	 
95.5	 
95.5125	 
95.525	 
95.5375	 
95.55	 
95.5625	 
95.575	 
95.5875	 
95.6	 
95.6125	 
95.625	 
95.6375	 
95.65	 
95.6625	 
95.675	 
95.6875	 
95.7	 
95.7125	 
95.725	 
95.7375	 
95.75	 
95.7625	 
95.775	 
95.7875	 
95.8	 
95.8125	 
95.825	 
95.8375	 
95.85	 
95.8625	 
95.875	 
95.8875	 
95.9	 
95.9125	 
95.925	 
95.9375	 
95.95	 
95.9625	 
95.975	 
95.9875	 
96	 
96.0125	 
96.025	 
96.0375	 
96.05	 
96.0625	 
96.075	 
96.0875	 
96.1	 
96.1125	 
96.125	 
96.1375	 
96.15	 
96.1625	 
96.175	 
96.1875	 
96.2	 
96.2125	 
96.225	 
96.2375	 
96.25	 
96.2625	 
96.275	 
96.2875	 
96.3	 
96.3125	 
96.325	 
96.3375	 
96.35	 
96.3625	 
96.375	 
96.3875	 
96.4	 
96.4125	 
96.425	 
96.4375	 
96.45	 
96.4625	 
96.475	 
96.4875	 
96.5	 
96.5125	 
96.525	 
96.5375	 
96.55	 
96.5625	 
96.575	 
96.5875	 
96.6	 
96.6125	 
96.625	 
96.6375	 
96.65	 
96.6625	 
96.675	 
96.6875	 
96.7	 
96.7125	 
96.725	 
96.7375	 
96.75	 
96.7625	 
96.775	 
96.7875	 
96.8	 
96.8125	 
96.825	 
96.8375	 
96.85	 
96.8625	 
96.875	 
96.8875	 
96.9	 
96.9125	 
96.925	 
96.9375	 
96.95	 
96.9625	 
96.975	 
96.9875	 
97	 
97.0125	 
97.025	 
97.0375	 
97.05	 
97.0625	 
97.075	 
97.0875	 
97.1	 
97.1125	 
97.125	 
97.1375	 
97.15	 
97.1625	 
97.175	 
97.1875	 
97.2	 
97.2125	 
97.225	 
97.2375	 
97.25	 
97.2625	 
97.275	 
97.2875	 
97.3	 
97.3125	 
97.325	 
97.3375	 
97.35	 
97.3625	 
97.375	 
97.3875	 
97.4	 
97.4125	 
97.425	 
97.4375	 
97.45	 
97.4625	 
97.475	 
97.4875	 
97.5	 
97.5125	 
97.525	 
97.5375	 
97.55	 
97.5625	 
97.575	 
97.5875	 
97.6	 
97.6125	 
97.625	 
97.6375	 
97.65	 
97.6625	 
97.675	 
97.6875	 
97.7	 
97.7125	 
97.725	 
97.7375	 
97.75	 
97.7625	 
97.775	 
97.7875	 
97.8	 
97.8125	 
97.825	 
97.8375	 
97.85	 
97.8625	 
97.875	 
97.8875	 
97.9	 
97.9125	 
97.925	 
97.9375	 
97.95	 
97.9625	 
97.975	 
97.9875	 
98	 
98.0125	 
98.025	 
98.0375	 
98.05	 
98.0625	 
98.075	 
98.0875	 
98.1	 
98.1125	 
98.125	 
98.1375	 
98.15	 
98.1625	 
98.175	 
98.1875	 
98.2	 
98.2125	 
98.225	 
98.2375	 
98.25	 
98.2625	 
98.275	 
98.2875	 
98.3	 
98.3125	 
98.325	 
98.3375	 
98.35	 
98.3625	 
98.375	 
98.3875	 
98.4	 
98.4125	 
98.425	 
98.4375	 
98.45	 
98.4625	 
98.475	 
98.4875	 
98.5	 
98.5125	 
98.525	 
98.5375	 
98.55	 
98.5625	 
98.575	 
98.5875	 
98.6	 
98.6125	 
98.625	 
98.6375	 
98.65	 
98.6625	 
98.675	 
98.6875	 
98.7	 
98.7125	 
98.725	 
98.7375	 
98.75	 
98.7625	 
98.775	 
98.7875	 
98.8	 
98.8125	 
98.825	 
98.8375	 
98.85	 
98.8625	 
98.875	 
98.8875	 
98.9	 
98.9125	 
98.925	 
98.9375	 
98.95	 
98.9625	 
98.975	 
98.9875	 
99	 
99.0125	 
99.025	 
99.0375	 
99.05	 
99.0625	 
99.075	 
99.0875	 
99.1	 
99.1125	 
99.125	 
99.1375	 
99.15	 
99.1625	 
99.175	 
99.1875	 
99.2	 
99.2125	 
99.225	 
99.2375	 
99.25	 
99.2625	 
99.275	 
99.2875	 
99.3	 
99.3125	 
99.325	 
99.3375	 
99.35	 
99.3625	 
99.375	 
99.3875	 
99.4	 
99.4125	 
99.425	 
99.4375	 
99.45	 
99.4625	 
99.475	 
99.4875	 
99.5	 
99.5125	 
99.525	 
99.5375	 
99.55	 
99.5625	 
99.575	 
99.5875	 
99.6	 
99.6125	 
99.625	 
99.6375	 
99.65	 
99.6625	 
99.675	 
99.6875	 
99.7	 
99.7125	 
99.725	 
99.7375	 
99.75	 
99.7625	 
99.775	 
99.7875	 
99.8	 
99.8125	 
99.825	 
99.8375	 
99.85	 
99.8625	 
99.875	 
99.8875	 
99.9	 
99.9125	 
99.925	 
99.9375	 
99.95	 
99.9625	 
99.975	 
99.9875	 
100	 
100.012	 
100.025	 
100.037	 
100.05	 
100.062	 
100.075	 
100.087	 
100.1	 
100.112	 
100.125	 
100.137	 
100.15	 
100.162	 
100.175	 
100.187	 
100.2	 
100.212	 
100.225	 
100.237	 
100.25	 
100.262	 
100.275	 
100.287	 
100.3	 
100.312	 
100.325	 
100.337	 
100.35	 
100.362	 
100.375	 
100.387	 
100.4	 
100.412	 
100.425	 
100.437	 
100.45	 
100.462	 
100.475	 
100.487	 
100.5	 
100.512	 
100.525	 
100.537	 
100.55	 
100.562	 
100.575	 
100.587	 
100.6	 
100.612	 
100.625	 
100.637	 
100.65	 
100.662	 
100.675	 
100.687	 
100.7	 
100.712	 
100.725	 
100.737	 
100.75	 
100.762	 
100.775	 
100.787	 
100.8	 
100.812	 
100.825	 
100.837	 
100.85	 
100.862	 
100.875	 
100.887	 
100.9	 
100.912	 
100.925	 
100.937	 
100.95	 
100.962	 
100.975	 
100.987	 
101	 
101.012	 
101.025	 
101.037	 
101.05	 
101.062	 
101.075	 
101.087	 
101.1	 
101.112	 
101.125	 
101.137	 
101.15	 
101.162	 
101.175	 
101.187	 
101.2	 
101.212	 
101.225	 
101.237	 
101.25	 
101.262	 
101.275	 
101.287	 
101.3	 
101.312	 
101.325	 
101.337	 
101.35	 
101.362	 
101.375	 
101.387	 
101.4	 
101.412	 
101.425	 
101.437	 
101.45	 
101.462	 
101.475	 
101.487	 
101.5	 
101.512	 
101.525	 
101.537	 
101.55	 
101.562	 
101.575	 
101.587	 
101.6	 
101.612	 
101.625	 
101.637	 
101.65	 
101.662	 
101.675	 
101.687	 
101.7	 
101.712	 
101.725	 
101.737	 
101.75	 
101.762	 
101.775	 
101.787	 
101.8	 
101.812	 
101.825	 
101.837	 
101.85	 
101.862	 
101.875	 
101.887	 
101.9	 
101.912	 
101.925	 
101.937	 
101.95	 
101.962	 
101.975	 
101.987	 
102	 
102.012	 
102.025	 
102.037	 
102.05	 
102.062	 
102.075	 
102.087	 
102.1	 
102.112	 
102.125	 
102.137	 
102.15	 
102.162	 
102.175	 
102.187	 
102.2	 
102.212	 
102.225	 
102.237	 
102.25	 
102.262	 
102.275	 
102.287	 
102.3	 
102.312	 
102.325	 
102.337	 
102.35	 
102.362	 
102.375	 
102.387	 
102.4	 
102.412	 
102.425	 
102.437	 
102.45	 
102.462	 
102.475	 
102.487	 
102.5	 
102.512	 
102.525	 
102.537	 
102.55	 
102.562	 
102.575	 
102.587	 
102.6	 
102.612	 
102.625	 
102.637	 
102.65	 
102.662	 
102.675	 
102.687	 
102.7	 
102.712	 
102.725	 
102.737	 
102.75	 
102.762	 
102.775	 
102.787	 
102.8	 
102.812	 
102.825	 
102.837	 
102.85	 
102.862	 
102.875	 
102.887	 
102.9	 
102.912	 
102.925	 
102.937	 
102.95	 
102.962	 
102.975	 
102.987	 
103	 
103.012	 
103.025	 
103.037	 
103.05	 
103.062	 
103.075	 
103.087	 
103.1	 
103.112	 
103.125	 
103.137	 
103.15	 
103.162	 
103.175	 
103.187	 
103.2	 
103.212	 
103.225	 
103.237	 
103.25	 
103.262	 
103.275	 
103.287	 
103.3	 
103.312	 
103.325	 
103.337	 
103.35	 
103.362	 
103.375	 
103.387	 
103.4	 
103.412	 
103.425	 
103.437	 
103.45	 
103.462	 
103.475	 
103.487	 
103.5	 
103.512	 
103.525	 
103.537	 
103.55	 
103.562	 
103.575	 
103.587	 
103.6	 
103.612	 
103.625	 
103.637	 
103.65	 
103.662	 
103.675	 
103.687	 
103.7	 
103.712	 
103.725	 
103.737	 
103.75	 
103.762	 
103.775	 
103.787	 
103.8	 
103.812	 
103.825	 
103.837	 
103.85	 
103.862	 
103.875	 
103.887	 
103.9	 
103.912	 
103.925	 
103.937	 
103.95	 
103.962	 
103.975	 
103.987	 
104	 
104.012	 
104.025	 
104.037	 
104.05	 
104.062	 
104.075	 
104.087	 
104.1	 
104.112	 
104.125	 
104.137	 
104.15	 
104.162	 
104.175	 
104.187	 
104.2	 
104.212	 
104.225	 
104.237	 
104.25	 
104.262	 
104.275	 
104.287	 
104.3	 
104.312	 
104.325	 
104.337	 
104.35	 
104.362	 
104.375	 
104.387	 
104.4	 
104.412	 
104.425	 
104.437	 
104.45	 
104.462	 
104.475	 
104.487	 
104.5	 
104.512	 
104.525	 
104.537	 
104.55	 
104.562	 
104.575	 
104.587	 
104.6	 
104.612	 
104.625	 
104.637	 
104.65	 
104.662	 
104.675	 
104.687	 
104.7	 
104.712	 
104.725	 
104.737	 
104.75	 
104.762	 
104.775	 
104.787	 
104.8	 
104.812	 
104.825	 
104.837	 
104.85	 
104.862	 
104.875	 
104.887	 
104.9	 
104.912	 
104.925	 
104.937	 
104.95	 
104.962	 
104.975	 
104.987	 
105	 
105.012	 
105.025	 
105.037	 
105.05	 
105.062	 
105.075	 
105.087	 
105.1	 
105.112	 
105.125	 
105.137	 
105.15	 
105.162	 
105.175	 
105.187	 
105.2	 
105.212	 
105.225	 
105.237	 
105.25	 
105.262	 
105.275	 
105.287	 
105.3	 
105.312	 
105.325	 
105.337	 
105.35	 
105.362	 
105.375	 
105.387	 
105.4	 
105.412	 
105.425	 
105.437	 
105.45	 
105.462	 
105.475	 
105.487	 
105.5	 
105.512	 
105.525	 
105.537	 
105.55	 
105.562	 
105.575	 
105.587	 
105.6	 
105.612	 
105.625	 
105.637	 
105.65	 
105.662	 
105.675	 
105.687	 
105.7	 
105.712	 
105.725	 
105.737	 
105.75	 
105.762	 
105.775	 
105.787	 
105.8	 
105.812	 
105.825	 
105.837	 
105.85	 
105.862	 
105.875	 
105.887	 
105.9	 
105.912	 
105.925	 
105.937	 
105.95	 
105.962	 
105.975	 
105.987	 
106	 
106.012	 
106.025	 
106.037	 
106.05	 
106.062	 
106.075	 
106.087	 
106.1	 
106.112	 
106.125	 
106.137	 
106.15	 
106.162	 
106.175	 
106.187	 
106.2	 
106.212	 
106.225	 
106.237	 
106.25	 
106.262	 
106.275	 
106.287	 
106.3	 
106.312	 
106.325	 
106.337	 
106.35	 
106.362	 
106.375	 
106.387	 
106.4	 
106.412	 
106.425	 
106.437	 
106.45	 
106.462	 
106.475	 
106.487	 
106.5	 
106.512	 
106.525	 
106.537	 
106.55	 
106.562	 
106.575	 
106.587	 
106.6	 
106.612	 
106.625	 
106.637	 
106.65	 
106.662	 
106.675	 
106.687	 
106.7	 
106.712	 
106.725	 
106.737	 
106.75	 
106.762	 
106.775	 
106.787	 
106.8	 
106.812	 
106.825	 
106.837	 
106.85	 
106.862	 
106.875	 
106.887	 
106.9	 
106.912	 
106.925	 
106.937	 
106.95	 
106.962	 
106.975	 
106.987	 
107	 
107.012	 
107.025	 
107.037	 
107.05	 
107.062	 
107.075	 
107.087	 
107.1	 
107.112	 
107.125	 
107.137	 
107.15	 
107.162	 
107.175	 
107.187	 
107.2	 
107.212	 
107.225	 
107.237	 
107.25	 
107.262	 
107.275	 
107.287	 
107.3	 
107.312	 
107.325	 
107.337	 
107.35	 
107.362	 
107.375	 
107.387	 
107.4	 
107.412	 
107.425	 
107.437	 
107.45	 
107.462	 
107.475	 
107.487	 
107.5	 
107.512	 
107.525	 
107.537	 
107.55	 
107.562	 
107.575	 
107.587	 
107.6	 
107.612	 
107.625	 
107.637	 
107.65	 
107.662	 
107.675	 
107.687	 
107.7	 
107.712	 
107.725	 
107.737	 
107.75	 
107.762	 
107.775	 
107.787	 
107.8	 
107.812	 
107.825	 
107.837	 
107.85	 
107.862	 
107.875	 
107.887	 
107.9	 
107.912	 
107.925	 
107.937	 
107.95	 
107.962	 
107.975	 
107.987	 
108	 
108.012	 
108.025	 
108.037	 
108.05	 
108.062	 
108.075	 
108.087	 
108.1	 
108.112	 
108.125	 
108.137	 
108.15	 
108.162	 
108.175	 
108.187	 
108.2	 
108.212	 
108.225	 
108.237	 
108.25	 
108.262	 
108.275	 
108.287	 
108.3	 
108.312	 
108.325	 
108.337	 
108.35	 
108.362	 
108.375	 
108.387	 
108.4	 
108.412	 
108.425	 
108.437	 
108.45	 
108.462	 
108.475	 
108.487	 
108.5	 
108.512	 
108.525	 
108.537	 
108.55	 
108.562	 
108.575	 
108.587	 
108.6	 
108.612	 
108.625	 
108.637	 
108.65	 
108.662	 
108.675	 
108.687	 
108.7	 
108.712	 
108.725	 
108.737	 
108.75	 
108.762	 
108.775	 
108.787	 
108.8	 
108.812	 
108.825	 
108.837	 
108.85	 
108.862	 
108.875	 
108.887	 
108.9	 
108.912	 
108.925	 
108.937	 
108.95	 
108.962	 
108.975	 
108.987	 
109	 
109.012	 
109.025	 
109.037	 
109.05	 
109.062	 
109.075	 
109.087	 
109.1	 
109.112	 
109.125	 
109.137	 
109.15	 
109.162	 
109.175	 
109.187	 
109.2	 
109.212	 
109.225	 
109.237	 
109.25	 
109.262	 
109.275	 
109.287	 
109.3	 
109.312	 
109.325	 
109.337	 
109.35	 
109.362	 
109.375	 
109.387	 
109.4	 
109.412	 
109.425	 
109.437	 
109.45	 
109.462	 
109.475	 
109.487	 
109.5	 
109.512	 
109.525	 
109.537	 
109.55	 
109.562	 
109.575	 
109.587	 
109.6	 
109.612	 
109.625	 
109.637	 
109.65	 
109.662	 
109.675	 
109.687	 
109.7	 
109.712	 
109.725	 
109.737	 
109.75	 
109.762	 
109.775	 
109.787	 
109.8	 
109.812	 
109.825	 
109.837	 
109.85	 
109.862	 
109.875	 
109.887	 
109.9	 
109.912	 
109.925	 
109.937	 
109.95	 
109.962	 
109.975	 
109.987	 
110	 
110.012	 
110.025	 
110.037	 
110.05	 
110.062	 
110.075	 
110.087	 
110.1	 
110.112	 
110.125	 
110.137	 
110.15	 
110.162	 
110.175	 
110.187	 
110.2	 
110.212	 
110.225	 
110.237	 
110.25	 
110.262	 
110.275	 
110.287	 
110.3	 
110.312	 
110.325	 
110.337	 
110.35	 
110.362	 
110.375	 
110.387	 
110.4	 
110.412	 
110.425	 
110.437	 
110.45	 
110.462	 
110.475	 
110.487	 
110.5	 
110.512	 
110.525	 
110.537	 
110.55	 
110.562	 
110.575	 
110.587	 
110.6	 
110.612	 
110.625	 
110.637	 
110.65	 
110.662	 
110.675	 
110.687	 
110.7	 
110.712	 
110.725	 
110.737	 
110.75	 
110.762	 
110.775	 
110.787	 
110.8	 
110.812	 
110.825	 
110.837	 
110.85	 
110.862	 
110.875	 
110.887	 
110.9	 
110.912	 
110.925	 
110.937	 
110.95	 
110.962	 
110.975	 
110.987	 
111	 
111.012	 
111.025	 
111.037	 
111.05	 
111.062	 
111.075	 
111.087	 
111.1	 
111.112	 
111.125	 
111.137	 
111.15	 
111.162	 
111.175	 
111.187	 
111.2	 
111.212	 
111.225	 
111.237	 
111.25	 
111.262	 
111.275	 
111.287	 
111.3	 
111.312	 
111.325	 
111.337	 
111.35	 
111.362	 
111.375	 
111.387	 
111.4	 
111.412	 
111.425	 
111.437	 
111.45	 
111.462	 
111.475	 
111.487	 
111.5	 
111.512	 
111.525	 
111.537	 
111.55	 
111.562	 
111.575	 
111.587	 
111.6	 
111.612	 
111.625	 
111.637	 
111.65	 
111.662	 
111.675	 
111.687	 
111.7	 
111.712	 
111.725	 
111.737	 
111.75	 
111.762	 
111.775	 
111.787	 
111.8	 
111.812	 
111.825	 
111.837	 
111.85	 
111.862	 
111.875	 
111.887	 
111.9	 
111.912	 
111.925	 
111.937	 
111.95	 
111.962	 
111.975	 
111.987	 
112	 
112.012	 
112.025	 
112.037	 
112.05	 
112.062	 
112.075	 
112.087	 
112.1	 
112.112	 
112.125	 
112.137	 
112.15	 
112.162	 
112.175	 
112.187	 
112.2	 
112.212	 
112.225	 
112.237	 
112.25	 
112.262	 
112.275	 
112.287	 
112.3	 
112.312	 
112.325	 
112.337	 
112.35	 
112.362	 
112.375	 
112.387	 
112.4	 
112.412	 
112.425	 
112.437	 
112.45	 
112.462	 
112.475	 
112.487	 
112.5	 
112.512	 
112.525	 
112.537	 
112.55	 
112.562	 
112.575	 
112.587	 
112.6	 
112.612	 
112.625	 
112.637	 
112.65	 
112.662	 
112.675	 
112.687	 
112.7	 
112.712	 
112.725	 
112.737	 
112.75	 
112.762	 
112.775	 
112.787	 
112.8	 
112.812	 
112.825	 
112.837	 
112.85	 
112.862	 
112.875	 
112.887	 
112.9	 
112.912	 
112.925	 
112.937	 
112.95	 
112.962	 
112.975	 
112.987	 
113	 
113.012	 
113.025	 
113.037	 
113.05	 
113.062	 
113.075	 
113.087	 
113.1	 
113.112	 
113.125	 
113.137	 
113.15	 
113.162	 
113.175	 
113.187	 
113.2	 
113.212	 
113.225	 
113.237	 
113.25	 
113.262	 
113.275	 
113.287	 
113.3	 
113.312	 
113.325	 
113.337	 
113.35	 
113.362	 
113.375	 
113.387	 
113.4	 
113.412	 
113.425	 
113.437	 
113.45	 
113.462	 
113.475	 
113.487	 
113.5	 
113.512	 
113.525	 
113.537	 
113.55	 
113.562	 
113.575	 
113.587	 
113.6	 
113.612	 
113.625	 
113.637	 
113.65	 
113.662	 
113.675	 
113.687	 
113.7	 
113.712	 
113.725	 
113.737	 
113.75	 
113.762	 
113.775	 
113.787	 
113.8	 
113.812	 
113.825	 
113.837	 
113.85	 
113.862	 
113.875	 
113.887	 
113.9	 
113.912	 
113.925	 
113.937	 
113.95	 
113.962	 
113.975	 
113.987	 
114	 
114.012	 
114.025	 
114.037	 
114.05	 
114.062	 
114.075	 
114.087	 
114.1	 
114.112	 
114.125	 
114.137	 
114.15	 
114.162	 
114.175	 
114.187	 
114.2	 
114.212	 
114.225	 
114.237	 
114.25	 
114.262	 
114.275	 
114.287	 
114.3	 
114.312	 
114.325	 
114.337	 
114.35	 
114.362	 
114.375	 
114.387	 
114.4	 
114.412	 
114.425	 
114.437	 
114.45	 
114.462	 
114.475	 
114.487	 
114.5	 
114.512	 
114.525	 
114.537	 
114.55	 
114.562	 
114.575	 
114.587	 
114.6	 
114.612	 
114.625	 
114.637	 
114.65	 
114.662	 
114.675	 
114.687	 
114.7	 
114.712	 
114.725	 
114.737	 
114.75	 
114.762	 
114.775	 
114.787	 
114.8	 
114.812	 
114.825	 
114.837	 
114.85	 
114.862	 
114.875	 
114.887	 
114.9	 
114.912	 
114.925	 
114.937	 
114.95	 
114.962	 
114.975	 
114.987	 
115	 
115.012	 
115.025	 
115.037	 
115.05	 
115.062	 
115.075	 
115.087	 
115.1	 
115.112	 
115.125	 
115.137	 
115.15	 
115.162	 
115.175	 
115.187	 
115.2	 
115.212	 
115.225	 
115.237	 
115.25	 
115.262	 
115.275	 
115.287	 
115.3	 
115.312	 
115.325	 
115.337	 
115.35	 
115.362	 
115.375	 
115.387	 
115.4	 
115.412	 
115.425	 
115.437	 
115.45	 
115.462	 
115.475	 
115.487	 
115.5	 
115.512	 
115.525	 
115.537	 
115.55	 
115.562	 
115.575	 
115.587	 
115.6	 
115.612	 
115.625	 
115.637	 
115.65	 
115.662	 
115.675	 
115.687	 
115.7	 
115.712	 
115.725	 
115.737	 
115.75	 
115.762	 
115.775	 
115.787	 
115.8	 
115.812	 
115.825	 
115.837	 
115.85	 
115.862	 
115.875	 
115.887	 
115.9	 
115.912	 
115.925	 
115.937	 
115.95	 
115.962	 
115.975	 
115.987	 
116	 
116.012	 
116.025	 
116.037	 
116.05	 
116.062	 
116.075	 
116.087	 
116.1	 
116.112	 
116.125	 
116.137	 
116.15	 
116.162	 
116.175	 
116.187	 
116.2	 
116.212	 
116.225	 
116.237	 
116.25	 
116.262	 
116.275	 
116.287	 
116.3	 
116.312	 
116.325	 
116.337	 
116.35	 
116.362	 
116.375	 
116.387	 
116.4	 
116.412	 
116.425	 
116.437	 
116.45	 
116.462	 
116.475	 
116.487	 
116.5	 
116.512	 
116.525	 
116.537	 
116.55	 
116.562	 
116.575	 
116.587	 
116.6	 
116.612	 
116.625	 
116.637	 
116.65	 
116.662	 
116.675	 
116.687	 
116.7	 
116.712	 
116.725	 
116.737	 
116.75	 
116.762	 
116.775	 
116.787	 
116.8	 
116.812	 
116.825	 
116.837	 
116.85	 
116.862	 
116.875	 
116.887	 
116.9	 
116.912	 
116.925	 
116.937	 
116.95	 
116.962	 
116.975	 
116.987	 
117	 
117.012	 
117.025	 
117.037	 
117.05	 
117.062	 
117.075	 
117.087	 
117.1	 
117.112	 
117.125	 
117.137	 
117.15	 
117.162	 
117.175	 
117.187	 
117.2	 
117.212	 
117.225	 
117.237	 
117.25	 
117.262	 
117.275	 
117.287	 
117.3	 
117.312	 
117.325	 
117.337	 
117.35	 
117.362	 
117.375	 
117.387	 
117.4	 
117.412	 
117.425	 
117.437	 
117.45	 
117.462	 
117.475	 
117.487	 
117.5	 
117.512	 
117.525	 
117.537	 
117.55	 
117.562	 
117.575	 
117.587	 
117.6	 
117.612	 
117.625	 
117.637	 
117.65	 
117.662	 
117.675	 
117.687	 
117.7	 
117.712	 
117.725	 
117.737	 
117.75	 
117.762	 
117.775	 
117.787	 
117.8	 
117.812	 
117.825	 
117.837	 
117.85	 
117.862	 
117.875	 
117.887	 
117.9	 
117.912	 
117.925	 
117.937	 
117.95	 
117.962	 
117.975	 
117.987	 
118	 
118.012	 
118.025	 
118.037	 
118.05	 
118.062	 
118.075	 
118.087	 
118.1	 
118.112	 
118.125	 
118.137	 
118.15	 
118.162	 
118.175	 
118.187	 
118.2	 
118.212	 
118.225	 
118.237	 
118.25	 
118.262	 
118.275	 
118.287	 
118.3	 
118.312	 
118.325	 
118.337	 
118.35	 
118.362	 
118.375	 
118.387	 
118.4	 
118.412	 
118.425	 
118.437	 
118.45	 
118.462	 
118.475	 
118.487	 
118.5	 
118.512	 
118.525	 
118.537	 
118.55	 
118.562	 
118.575	 
118.587	 
118.6	 
118.612	 
118.625	 
118.637	 
118.65	 
118.662	 
118.675	 
118.687	 
118.7	 
118.712	 
118.725	 
118.737	 
118.75	 
118.762	 
118.775	 
118.787	 
118.8	 
118.812	 
118.825	 
118.837	 
118.85	 
118.862	 
118.875	 
118.887	 
118.9	 
118.912	 
118.925	 
118.937	 
118.95	 
118.962	 
118.975	 
118.987	 
119	 
119.012	 
119.025	 
119.037	 
119.05	 
119.062	 
119.075	 
119.087	 
119.1	 
119.112	 
119.125	 
119.137	 
119.15	 
119.162	 
119.175	 
119.187	 
119.2	 
119.212	 
119.225	 
119.237	 
119.25	 
119.262	 
119.275	 
119.287	 
119.3	 
119.312	 
119.325	 
119.337	 
119.35	 
119.362	 
119.375	 
119.387	 
119.4	 
119.412	 
119.425	 
119.437	 
119.45	 
119.462	 
119.475	 
119.487	 
119.5	 
119.512	 
119.525	 
119.537	 
119.55	 
119.562	 
119.575	 
119.587	 
119.6	 
119.612	 
119.625	 
119.637	 
119.65	 
119.662	 
119.675	 
119.687	 
119.7	 
119.712	 
119.725	 
119.737	 
119.75	 
119.762	 
119.775	 
119.787	 
119.8	 
119.812	 
119.825	 
119.837	 
119.85	 
119.862	 
119.875	 
119.887	 
119.9	 
119.912	 
119.925	 
119.937	 
119.95	 
119.962	 
119.975	 
119.987	 
120	 
120.012	 
120.025	 
120.037	 
120.05	 
120.062	 
120.075	 
120.087	 
120.1	 
120.112	 
120.125	 
120.137	 
120.15	 
120.162	 
120.175	 
120.187	 
120.2	 
120.212	 
120.225	 
120.237	 
120.25	 
120.262	 
120.275	 
120.287	 
120.3	 
120.312	 
120.325	 
120.337	 
120.35	 
120.362	 
120.375	 
120.387	 
120.4	 
120.412	 
120.425	 
120.437	 
120.45	 
120.462	 
120.475	 
120.487	 
120.5	 
120.512	 
120.525	 
120.537	 
120.55	 
120.562	 
120.575	 
120.587	 
120.6	 
120.612	 
120.625	 
120.637	 
120.65	 
120.662	 
120.675	 
120.687	 
120.7	 
120.712	 
120.725	 
120.737	 
120.75	 
120.762	 
120.775	 
120.787	 
120.8	 
120.812	 
120.825	 
120.837	 
120.85	 
120.862	 
120.875	 
120.887	 
120.9	 
120.912	 
120.925	 
120.937	 
120.95	 
120.962	 
120.975	 
120.987	 
121	 
121.012	 
121.025	 
121.037	 
121.05	 
121.062	 
121.075	 
121.087	 
121.1	 
121.112	 
121.125	 
121.137	 
121.15	 
121.162	 
121.175	 
121.187	 
121.2	 
121.212	 
121.225	 
121.237	 
121.25	 
121.262	 
121.275	 
121.287	 
121.3	 
121.312	 
121.325	 
121.337	 
121.35	 
121.362	 
121.375	 
121.387	 
121.4	 
121.412	 
121.425	 
121.437	 
121.45	 
121.462	 
121.475	 
121.487	 
121.5	 
121.512	 
121.525	 
121.537	 
121.55	 
121.562	 
121.575	 
121.587	 
121.6	 
121.612	 
121.625	 
121.637	 
121.65	 
121.662	 
121.675	 
121.687	 
121.7	 
121.712	 
121.725	 
121.737	 
121.75	 
121.762	 
121.775	 
121.787	 
121.8	 
121.812	 
121.825	 
121.837	 
121.85	 
121.862	 
121.875	 
121.887	 
121.9	 
121.912	 
121.925	 
121.937	 
121.95	 
121.962	 
121.975	 
121.987	 
122	 
122.012	 
122.025	 
122.037	 
122.05	 
122.062	 
122.075	 
122.087	 
122.1	 
122.112	 
122.125	 
122.137	 
122.15	 
122.162	 
122.175	 
122.187	 
122.2	 
122.212	 
122.225	 
122.237	 
122.25	 
122.262	 
122.275	 
122.287	 
122.3	 
122.312	 
122.325	 
122.337	 
122.35	 
122.362	 
122.375	 
122.387	 
122.4	 
122.412	 
122.425	 
122.437	 
122.45	 
122.462	 
122.475	 
122.487	 
122.5	 
122.512	 
122.525	 
122.537	 
122.55	 
122.562	 
122.575	 
122.587	 
122.6	 
122.612	 
122.625	 
122.637	 
122.65	 
122.662	 
122.675	 
122.687	 
122.7	 
122.712	 
122.725	 
122.737	 
122.75	 
122.762	 
122.775	 
122.787	 
122.8	 
122.812	 
122.825	 
122.837	 
122.85	 
122.862	 
122.875	 
122.887	 
122.9	 
122.912	 
122.925	 
122.937	 
122.95	 
122.962	 
122.975	 
122.987	 
123	 
123.012	 
123.025	 
123.037	 
123.05	 
123.062	 
123.075	 
123.087	 
123.1	 
123.112	 
123.125	 
123.137	 
123.15	 
123.162	 
123.175	 
123.187	 
123.2	 
123.212	 
123.225	 
123.237	 
123.25	 
123.262	 
123.275	 
123.287	 
123.3	 
123.312	 
123.325	 
123.337	 
123.35	 
123.362	 
123.375	 
123.387	 
123.4	 
123.412	 
123.425	 
123.437	 
123.45	 
123.462	 
123.475	 
123.487	 
123.5	 
123.512	 
123.525	 
123.537	 
123.55	 
123.562	 
123.575	 
123.587	 
123.6	 
123.612	 
123.625	 
123.637	 
123.65	 
123.662	 
123.675	 
123.687	 
123.7	 
123.712	 
123.725	 
123.737	 
123.75	 
123.762	 
123.775	 
123.787	 
123.8	 
123.812	 
123.825	 
123.837	 
123.85	 
123.862	 
123.875	 
123.887	 
123.9	 
123.912	 
123.925	 
123.937	 
123.95	 
123.962	 
123.975	 
123.987	 
124	 
124.012	 
124.025	 
124.037	 
124.05	 
124.062	 
124.075	 
124.087	 
124.1	 
124.112	 
124.125	 
124.137	 
124.15	 
124.162	 
124.175	 
124.187	 
124.2	 
124.212	 
124.225	 
124.237	 
124.25	 
124.262	 
124.275	 
124.287	 
124.3	 
124.312	 
124.325	 
124.337	 
124.35	 
124.362	 
124.375	 
124.387	 
124.4	 
124.412	 
124.425	 
124.437	 
124.45	 
124.462	 
124.475	 
124.487	 
124.5	 
124.512	 
124.525	 
124.537	 
124.55	 
124.562	 
124.575	 
124.587	 
124.6	 
124.612	 
124.625	 
124.637	 
124.65	 
124.662	 
124.675	 
124.687	 
124.7	 
124.712	 
124.725	 
124.737	 
124.75	 
124.762	 
124.775	 
124.787	 
124.8	 
124.812	 
124.825	 
124.837	 
124.85	 
124.862	 
124.875	 
124.887	 
124.9	 
124.912	 
124.925	 
124.937	 
124.95	 
124.962	 
124.975	 
124.987	 
125	 
125.012	 
125.025	 
125.037	 
125.05	 
125.062	 
125.075	 
125.087	 
125.1	 
125.112	 
125.125	 
125.137	 
125.15	 
125.162	 
125.175	 
125.187	 
125.2	 
125.212	 
125.225	 
125.237	 
125.25	 
125.262	 
125.275	 
125.287	 
125.3	 
125.312	 
125.325	 
125.337	 
125.35	 
125.362	 
125.375	 
125.387	 
125.4	 
125.412	 
125.425	 
125.437	 
125.45	 
125.462	 
125.475	 
125.487	 
125.5	 
125.512	 
125.525	 
125.537	 
125.55	 
125.562	 
125.575	 
125.587	 
125.6	 
125.612	 
125.625	 
125.637	 
125.65	 
125.662	 
125.675	 
125.687	 
125.7	 
125.712	 
125.725	 
125.737	 
125.75	 
125.762	 
125.775	 
125.787	 
125.8	 
125.812	 
125.825	 
125.837	 
125.85	 
125.862	 
125.875	 
125.887	 
125.9	 
125.912	 
125.925	 
125.937	 
125.95	 
125.962	 
125.975	 
125.987	 
126	 
126.012	 
126.025	 
126.037	 
126.05	 
126.062	 
126.075	 
126.087	 
126.1	 
126.112	 
126.125	 
126.137	 
126.15	 
126.162	 
126.175	 
126.187	 
126.2	 
126.212	 
126.225	 
126.237	 
126.25	 
126.262	 
126.275	 
126.287	 
126.3	 
126.312	 
126.325	 
126.337	 
126.35	 
126.362	 
126.375	 
126.387	 
126.4	 
126.412	 
126.425	 
126.437	 
126.45	 
126.462	 
126.475	 
126.487	 
126.5	 
126.512	 
126.525	 
126.537	 
126.55	 
126.562	 
126.575	 
126.587	 
126.6	 
126.612	 
126.625	 
126.637	 
126.65	 
126.662	 
126.675	 
126.687	 
126.7	 
126.712	 
126.725	 
126.737	 
126.75	 
126.762	 
126.775	 
126.787	 
126.8	 
126.812	 
126.825	 
126.837	 
126.85	 
126.862	 
126.875	 
126.887	 
126.9	 
126.912	 
126.925	 
126.937	 
126.95	 
126.962	 
126.975	 
126.987	 
127	 
127.012	 
127.025	 
127.037	 
127.05	 
127.062	 