Time	 
(s)	 
0	 
0.025	 
0.0375	 
0.05	 
0.0625	 
0.075	 
0.0875	 
0.1	 
0.1125	 
0.125	 
0.1375	 
0.15	 
0.1625	 
0.175	 
0.1875	 
0.2	 
0.2125	 
0.225	 
0.2375	 
0.25	 
0.2625	 
0.275	 
0.2875	 
0.3	 
0.3125	 
0.325	 
0.3375	 
0.35	 
0.3625	 
0.375	 
0.3875	 
0.4	 
0.4125	 
0.425	 
0.4375	 
0.45	 
0.4625	 
0.475	 
0.4875	 
0.5	 
0.5125	 
0.525	 
0.5375	 
0.55	 
0.5625	 
0.575	 
0.5875	 
0.6	 
0.6125	 
0.625	 
0.6375	 
0.65	 
0.6625	 
0.675	 
0.6875	 
0.7	 
0.7125	 
0.725	 
0.7375	 
0.75	 
0.7625	 
0.775	 
0.7875	 
0.8	 
0.8125	 
0.825	 
0.8375	 
0.85	 
0.8625	 
0.875	 
0.8875	 
0.9	 
0.9125	 
0.925	 
0.9375	 
0.95	 
0.9625	 
0.975	 
0.9875	 
1	 
1.0125	 
1.025	 
1.0375	 
1.05	 
1.0625	 
1.075	 
1.0875	 
1.1	 
1.1125	 
1.125	 
1.1375	 
1.15	 
1.1625	 
1.175	 
1.1875	 
1.2	 
1.2125	 
1.225	 
1.2375	 
1.25	 
1.2625	 
1.275	 
1.2875	 
1.3	 
1.3125	 
1.325	 
1.3375	 
1.35	 
1.3625	 
1.375	 
1.3875	 
1.4	 
1.4125	 
1.425	 
1.4375	 
1.45	 
1.4625	 
1.475	 
1.4875	 
1.5	 
1.5125	 
1.525	 
1.5375	 
1.55	 
1.5625	 
1.575	 
1.5875	 
1.6	 
1.6125	 
1.625	 
1.6375	 
1.65	 
1.6625	 
1.675	 
1.6875	 
1.7	 
1.7125	 
1.725	 
1.7375	 
1.75	 
1.7625	 
1.775	 
1.7875	 
1.8	 
1.8125	 
1.825	 
1.8375	 
1.85	 
1.8625	 
1.875	 
1.8875	 
1.9	 
1.9125	 
1.925	 
1.9375	 
1.95	 
1.9625	 
1.975	 
1.9875	 
2	 
2.0125	 
2.025	 
2.0375	 
2.05	 
2.0625	 
2.075	 
2.0875	 
2.1	 
2.1125	 
2.125	 
2.1375	 
2.15	 
2.1625	 
2.175	 
2.1875	 
2.2	 
2.2125	 
2.225	 
2.2375	 
2.25	 
2.2625	 
2.275	 
2.2875	 
2.3	 
2.3125	 
2.325	 
2.3375	 
2.35	 
2.3625	 
2.375	 
2.3875	 
2.4	 
2.4125	 
2.425	 
2.4375	 
2.45	 
2.4625	 
2.475	 
2.4875	 
2.5	 
2.5125	 
2.525	 
2.5375	 
2.55	 
2.5625	 
2.575	 
2.5875	 
2.6	 
2.6125	 
2.625	 
2.6375	 
2.65	 
2.6625	 
2.675	 
2.6875	 
2.7	 
2.7125	 
2.725	 
2.7375	 
2.75	 
2.7625	 
2.775	 
2.7875	 
2.8	 
2.8125	 
2.825	 
2.8375	 
2.85	 
2.8625	 
2.875	 
2.8875	 
2.9	 
2.9125	 
2.925	 
2.9375	 
2.95	 
2.9625	 
2.975	 
2.9875	 
3	 
3.0125	 
3.025	 
3.0375	 
3.05	 
3.0625	 
3.075	 
3.0875	 
3.1	 
3.1125	 
3.125	 
3.1375	 
3.15	 
3.1625	 
3.175	 
3.1875	 
3.2	 
3.2125	 
3.225	 
3.2375	 
3.25	 
3.2625	 
3.275	 
3.2875	 
3.3	 
3.3125	 
3.325	 
3.3375	 
3.35	 
3.3625	 
3.375	 
3.3875	 
3.4	 
3.4125	 
3.425	 
3.4375	 
3.45	 
3.4625	 
3.475	 
3.4875	 
3.5	 
3.5125	 
3.525	 
3.5375	 
3.55	 
3.5625	 
3.575	 
3.5875	 
3.6	 
3.6125	 
3.625	 
3.6375	 
3.65	 
3.6625	 
3.675	 
3.6875	 
3.7	 
3.7125	 
3.725	 
3.7375	 
3.75	 
3.7625	 
3.775	 
3.7875	 
3.8	 
3.8125	 
3.825	 
3.8375	 
3.85	 
3.8625	 
3.875	 
3.8875	 
3.9	 
3.9125	 
3.925	 
3.9375	 
3.95	 
3.9625	 
3.975	 
3.9875	 
4	 
4.0125	 
4.025	 
4.0375	 
4.05	 
4.0625	 
4.075	 
4.0875	 
4.1	 
4.1125	 
4.125	 
4.1375	 
4.15	 
4.1625	 
4.175	 
4.1875	 
4.2	 
4.2125	 
4.225	 
4.2375	 
4.25	 
4.2625	 
4.275	 
4.2875	 
4.3	 
4.3125	 
4.325	 
4.3375	 
4.35	 
4.3625	 
4.375	 
4.3875	 
4.4	 
4.4125	 
4.425	 
4.4375	 
4.45	 
4.4625	 
4.475	 
4.4875	 
4.5	 
4.5125	 
4.525	 
4.5375	 
4.55	 
4.5625	 
4.575	 
4.5875	 
4.6	 
4.6125	 
4.625	 
4.6375	 
4.65	 
4.6625	 
4.675	 
4.6875	 
4.7	 
4.7125	 
4.725	 
4.7375	 
4.75	 
4.7625	 
4.775	 
4.7875	 
4.8	 
4.8125	 
4.825	 
4.8375	 
4.85	 
4.8625	 
4.875	 
4.8875	 
4.9	 
4.9125	 
4.925	 
4.9375	 
4.95	 
4.9625	 
4.975	 
4.9875	 
5	 
5.0125	 
5.025	 
5.0375	 
5.05	 
5.0625	 
5.075	 
5.0875	 
5.1	 
5.1125	 
5.125	 
5.1375	 
5.15	 
5.1625	 
5.175	 
5.1875	 
5.2	 
5.2125	 
5.225	 
5.2375	 
5.25	 
5.2625	 
5.275	 
5.2875	 
5.3	 
5.3125	 
5.325	 
5.3375	 
5.35	 
5.3625	 
5.375	 
5.3875	 
5.4	 
5.4125	 
5.425	 
5.4375	 
5.45	 
5.4625	 
5.475	 
5.4875	 
5.5	 
5.5125	 
5.525	 
5.5375	 
5.55	 
5.5625	 
5.575	 
5.5875	 
5.6	 
5.6125	 
5.625	 
5.6375	 
5.65	 
5.6625	 
5.675	 
5.6875	 
5.7	 
5.7125	 
5.725	 
5.7375	 
5.75	 
5.7625	 
5.775	 
5.7875	 
5.8	 
5.8125	 
5.825	 
5.8375	 
5.85	 
5.8625	 
5.875	 
5.8875	 
5.9	 
5.9125	 
5.925	 
5.9375	 
5.95	 
5.9625	 
5.975	 
5.9875	 
6	 
6.0125	 
6.025	 
6.0375	 
6.05	 
6.0625	 
6.075	 
6.0875	 
6.1	 
6.1125	 
6.125	 
6.1375	 
6.15	 
6.1625	 
6.175	 
6.1875	 
6.2	 
6.2125	 
6.225	 
6.2375	 
6.25	 
6.2625	 
6.275	 
6.2875	 
6.3	 
6.3125	 
6.325	 
6.3375	 
6.35	 
6.3625	 
6.375	 
6.3875	 
6.4	 
6.4125	 
6.425	 
6.4375	 
6.45	 
6.4625	 
6.475	 
6.4875	 
6.5	 
6.5125	 
6.525	 
6.5375	 
6.55	 
6.5625	 
6.575	 
6.5875	 
6.6	 
6.6125	 
6.625	 
6.6375	 
6.65	 
6.6625	 
6.675	 
6.6875	 
6.7	 
6.7125	 
6.725	 
6.7375	 
6.75	 
6.7625	 
6.775	 
6.7875	 
6.8	 
6.8125	 
6.825	 
6.8375	 
6.85	 
6.8625	 
6.875	 
6.8875	 
6.9	 
6.9125	 
6.925	 
6.9375	 
6.95	 
6.9625	 
6.975	 
6.9875	 
7	 
7.0125	 
7.025	 
7.0375	 
7.05	 
7.0625	 
7.075	 
7.0875	 
7.1	 
7.1125	 
7.125	 
7.1375	 
7.15	 
7.1625	 
7.175	 
7.1875	 
7.2	 
7.2125	 
7.225	 
7.2375	 
7.25	 
7.2625	 
7.275	 
7.2875	 
7.3	 
7.3125	 
7.325	 
7.3375	 
7.35	 
7.3625	 
7.375	 
7.3875	 
7.4	 
7.4125	 
7.425	 
7.4375	 
7.45	 
7.4625	 
7.475	 
7.4875	 
7.5	 
7.5125	 
7.525	 
7.5375	 
7.55	 
7.5625	 
7.575	 
7.5875	 
7.6	 
7.6125	 
7.625	 
7.6375	 
7.65	 
7.6625	 
7.675	 
7.6875	 
7.7	 
7.7125	 
7.725	 
7.7375	 
7.75	 
7.7625	 
7.775	 
7.7875	 
7.8	 
7.8125	 
7.825	 
7.8375	 
7.85	 
7.8625	 
7.875	 
7.8875	 
7.9	 
7.9125	 
7.925	 
7.9375	 
7.95	 
7.9625	 
7.975	 
7.9875	 
8	 
8.0125	 
8.025	 
8.0375	 
8.05	 
8.0625	 
8.075	 
8.0875	 
8.1	 
8.1125	 
8.125	 
8.1375	 
8.15	 
8.1625	 
8.175	 
8.1875	 
8.2	 
8.2125	 
8.225	 
8.2375	 
8.25	 
8.2625	 
8.275	 
8.2875	 
8.3	 
8.3125	 
8.325	 
8.3375	 
8.35	 
8.3625	 
8.375	 
8.3875	 
8.4	 
8.4125	 
8.425	 
8.4375	 
8.45	 
8.4625	 
8.475	 
8.4875	 
8.5	 
8.5125	 
8.525	 
8.5375	 
8.55	 
8.5625	 
8.575	 
8.5875	 
8.6	 
8.6125	 
8.625	 
8.6375	 
8.65	 
8.6625	 
8.675	 
8.6875	 
8.7	 
8.7125	 
8.725	 
8.7375	 
8.75	 
8.7625	 
8.775	 
8.7875	 
8.8	 
8.8125	 
8.825	 
8.8375	 
8.85	 
8.8625	 
8.875	 
8.8875	 
8.9	 
8.9125	 
8.925	 
8.9375	 
8.95	 
8.9625	 
8.975	 
8.9875	 
9	 
9.0125	 
9.025	 
9.0375	 
9.05	 
9.0625	 
9.075	 
9.0875	 
9.1	 
9.1125	 
9.125	 
9.1375	 
9.15	 
9.1625	 
9.175	 
9.1875	 
9.2	 
9.2125	 
9.225	 
9.2375	 
9.25	 
9.2625	 
9.275	 
9.2875	 
9.3	 
9.3125	 
9.325	 
9.3375	 
9.35	 
9.3625	 
9.375	 
9.3875	 
9.4	 
9.4125	 
9.425	 
9.4375	 
9.45	 
9.4625	 
9.475	 
9.4875	 
9.5	 
9.5125	 
9.525	 
9.5375	 
9.55	 
9.5625	 
9.575	 
9.5875	 
9.6	 
9.6125	 
9.625	 
9.6375	 
9.65	 
9.6625	 
9.675	 
9.6875	 
9.7	 
9.7125	 
9.725	 
9.7375	 
9.75	 
9.7625	 
9.775	 
9.7875	 
9.8	 
9.8125	 
9.825	 
9.8375	 
9.85	 
9.8625	 
9.875	 
9.8875	 
9.9	 
9.9125	 
9.925	 
9.9375	 
9.95	 
9.9625	 
9.975	 
9.9875	 
10	 
10.0125	 
10.025	 
10.0375	 
10.05	 
10.0625	 
10.075	 
10.0875	 
10.1	 
10.1125	 
10.125	 
10.1375	 
10.15	 
10.1625	 
10.175	 
10.1875	 
10.2	 
10.2125	 
10.225	 
10.2375	 
10.25	 
10.2625	 
10.275	 
10.2875	 
10.3	 
10.3125	 
10.325	 
10.3375	 
10.35	 
10.3625	 
10.375	 
10.3875	 
10.4	 
10.4125	 
10.425	 
10.4375	 
10.45	 
10.4625	 
10.475	 
10.4875	 
10.5	 
10.5125	 
10.525	 
10.5375	 
10.55	 
10.5625	 
10.575	 
10.5875	 
10.6	 
10.6125	 
10.625	 
10.6375	 
10.65	 
10.6625	 
10.675	 
10.6875	 
10.7	 
10.7125	 
10.725	 
10.7375	 
10.75	 
10.7625	 
10.775	 
10.7875	 
10.8	 
10.8125	 
10.825	 
10.8375	 
10.85	 
10.8625	 
10.875	 
10.8875	 
10.9	 
10.9125	 
10.925	 
10.9375	 
10.95	 
10.9625	 
10.975	 
10.9875	 
11	 
11.0125	 
11.025	 
11.0375	 
11.05	 
11.0625	 
11.075	 
11.0875	 
11.1	 
11.1125	 
11.125	 
11.1375	 
11.15	 
11.1625	 
11.175	 
11.1875	 
11.2	 
11.2125	 
11.225	 
11.2375	 
11.25	 
11.2625	 
11.275	 
11.2875	 
11.3	 
11.3125	 
11.325	 
11.3375	 
11.35	 
11.3625	 
11.375	 
11.3875	 
11.4	 
11.4125	 
11.425	 
11.4375	 
11.45	 
11.4625	 
11.475	 
11.4875	 
11.5	 
11.5125	 
11.525	 
11.5375	 
11.55	 
11.5625	 
11.575	 
11.5875	 
11.6	 
11.6125	 
11.625	 
11.6375	 
11.65	 
11.6625	 
11.675	 
11.6875	 
11.7	 
11.7125	 
11.725	 
11.7375	 
11.75	 
11.7625	 
11.775	 
11.7875	 
11.8	 
11.8125	 
11.825	 
11.8375	 
11.85	 
11.8625	 
11.875	 
11.8875	 
11.9	 
11.9125	 
11.925	 
11.9375	 
11.95	 
11.9625	 
11.975	 
11.9875	 
12	 
12.0125	 
12.025	 
12.0375	 
12.05	 
12.0625	 
12.075	 
12.0875	 
12.1	 
12.1125	 
12.125	 
12.1375	 
12.15	 
12.1625	 
12.175	 
12.1875	 
12.2	 
12.2125	 
12.225	 
12.2375	 
12.25	 
12.2625	 
12.275	 
12.2875	 
12.3	 
12.3125	 
12.325	 
12.3375	 
12.35	 
12.3625	 
12.375	 
12.3875	 
12.4	 
12.4125	 
12.425	 
12.4375	 
12.45	 
12.4625	 
12.475	 
12.4875	 
12.5	 
12.5125	 
12.525	 
12.5375	 
12.55	 
12.5625	 
12.575	 
12.5875	 
12.6	 
12.6125	 
12.625	 
12.6375	 
12.65	 
12.6625	 
12.675	 
12.6875	 
12.7	 
12.7125	 
12.725	 
12.7375	 
12.75	 
12.7625	 
12.775	 
12.7875	 
12.8	 
12.8125	 
12.825	 
12.8375	 
12.85	 
12.8625	 
12.875	 
12.8875	 
12.9	 
12.9125	 
12.925	 
12.9375	 
12.95	 
12.9625	 
12.975	 
12.9875	 
13	 
13.0125	 
13.025	 
13.0375	 
13.05	 
13.0625	 
13.075	 
13.0875	 
13.1	 
13.1125	 
13.125	 
13.1375	 
13.15	 
13.1625	 
13.175	 
13.1875	 
13.2	 
13.2125	 
13.225	 
13.2375	 
13.25	 
13.2625	 
13.275	 
13.2875	 
13.3	 
13.3125	 
13.325	 
13.3375	 
13.35	 
13.3625	 
13.375	 
13.3875	 
13.4	 
13.4125	 
13.425	 
13.4375	 
13.45	 
13.4625	 
13.475	 
13.4875	 
13.5	 
13.5125	 
13.525	 
13.5375	 
13.55	 
13.5625	 
13.575	 
13.5875	 
13.6	 
13.6125	 
13.625	 
13.6375	 
13.65	 
13.6625	 
13.675	 
13.6875	 
13.7	 
13.7125	 
13.725	 
13.7375	 
13.75	 
13.7625	 
13.775	 
13.7875	 
13.8	 
13.8125	 
13.825	 
13.8375	 
13.85	 
13.8625	 
13.875	 
13.8875	 
13.9	 
13.9125	 
13.925	 
13.9375	 
13.95	 
13.9625	 
13.975	 
13.9875	 
14	 
14.0125	 
14.025	 
14.0375	 
14.05	 
14.0625	 
14.075	 
14.0875	 
14.1	 
14.1125	 
14.125	 
14.1375	 
14.15	 
14.1625	 
14.175	 
14.1875	 
14.2	 
14.2125	 
14.225	 
14.2375	 
14.25	 
14.2625	 
14.275	 
14.2875	 
14.3	 
14.3125	 
14.325	 
14.3375	 
14.35	 
14.3625	 
14.375	 
14.3875	 
14.4	 
14.4125	 
14.425	 
14.4375	 
14.45	 
14.4625	 
14.475	 
14.4875	 
14.5	 
14.5125	 
14.525	 
14.5375	 
14.55	 
14.5625	 
14.575	 
14.5875	 
14.6	 
14.6125	 
14.625	 
14.6375	 
14.65	 
14.6625	 
14.675	 
14.6875	 
14.7	 
14.7125	 
14.725	 
14.7375	 
14.75	 
14.7625	 
14.775	 
14.7875	 
14.8	 
14.8125	 
14.825	 
14.8375	 
14.85	 
14.8625	 
14.875	 
14.8875	 
14.9	 
14.9125	 
14.925	 
14.9375	 
14.95	 
14.9625	 
14.975	 
14.9875	 
15	 
15.0125	 
15.025	 
15.0375	 
15.05	 
15.0625	 
15.075	 
15.0875	 
15.1	 
15.1125	 
15.125	 
15.1375	 
15.15	 
15.1625	 
15.175	 
15.1875	 
15.2	 
15.2125	 
15.225	 
15.2375	 
15.25	 
15.2625	 
15.275	 
15.2875	 
15.3	 
15.3125	 
15.325	 
15.3375	 
15.35	 
15.3625	 
15.375	 
15.3875	 
15.4	 
15.4125	 
15.425	 
15.4375	 
15.45	 
15.4625	 
15.475	 
15.4875	 
15.5	 
15.5125	 
15.525	 
15.5375	 
15.55	 
15.5625	 
15.575	 
15.5875	 
15.6	 
15.6125	 
15.625	 
15.6375	 
15.65	 
15.6625	 
15.675	 
15.6875	 
15.7	 
15.7125	 
15.725	 
15.7375	 
15.75	 
15.7625	 
15.775	 
15.7875	 
15.8	 
15.8125	 
15.825	 
15.8375	 
15.85	 
15.8625	 
15.875	 
15.8875	 
15.9	 
15.9125	 
15.925	 
15.9375	 
15.95	 
15.9625	 
15.975	 
15.9875	 
16	 
16.0125	 
16.025	 
16.0375	 
16.05	 
16.0625	 
16.075	 
16.0875	 
16.1	 
16.1125	 
16.125	 
16.1375	 
16.15	 
16.1625	 
16.175	 
16.1875	 
16.2	 
16.2125	 
16.225	 
16.2375	 
16.25	 
16.2625	 
16.275	 
16.2875	 
16.3	 
16.3125	 
16.325	 
16.3375	 
16.35	 
16.3625	 
16.375	 
16.3875	 
16.4	 
16.4125	 
16.425	 
16.4375	 
16.45	 
16.4625	 
16.475	 
16.4875	 
16.5	 
16.5125	 
16.525	 
16.5375	 
16.55	 
16.5625	 
16.575	 
16.5875	 
16.6	 
16.6125	 
16.625	 
16.6375	 
16.65	 
16.6625	 
16.675	 
16.6875	 
16.7	 
16.7125	 
16.725	 
16.7375	 
16.75	 
16.7625	 
16.775	 
16.7875	 
16.8	 
16.8125	 
16.825	 
16.8375	 
16.85	 
16.8625	 
16.875	 
16.8875	 
16.9	 
16.9125	 
16.925	 
16.9375	 
16.95	 
16.9625	 
16.975	 
16.9875	 
17	 
17.0125	 
17.025	 
17.0375	 
17.05	 
17.0625	 
17.075	 
17.0875	 
17.1	 
17.1125	 
17.125	 
17.1375	 
17.15	 
17.1625	 
17.175	 
17.1875	 
17.2	 
17.2125	 
17.225	 
17.2375	 
17.25	 
17.2625	 
17.275	 
17.2875	 
17.3	 
17.3125	 
17.325	 
17.3375	 
17.35	 
17.3625	 
17.375	 
17.3875	 
17.4	 
17.4125	 
17.425	 
17.4375	 
17.45	 
17.4625	 
17.475	 
17.4875	 
17.5	 
17.5125	 
17.525	 
17.5375	 
17.55	 
17.5625	 
17.575	 
17.5875	 
17.6	 
17.6125	 
17.625	 
17.6375	 
17.65	 
17.6625	 
17.675	 
17.6875	 
17.7	 
17.7125	 
17.725	 
17.7375	 
17.75	 
17.7625	 
17.775	 
17.7875	 
17.8	 
17.8125	 
17.825	 
17.8375	 
17.85	 
17.8625	 
17.875	 
17.8875	 
17.9	 
17.9125	 
17.925	 
17.9375	 
17.95	 
17.9625	 
17.975	 
17.9875	 
18	 
18.0125	 
18.025	 
18.0375	 
18.05	 
18.0625	 
18.075	 
18.0875	 
18.1	 
18.1125	 
18.125	 
18.1375	 
18.15	 
18.1625	 
18.175	 
18.1875	 
18.2	 
18.2125	 
18.225	 
18.2375	 
18.25	 
18.2625	 
18.275	 
18.2875	 
18.3	 
18.3125	 
18.325	 
18.3375	 
18.35	 
18.3625	 
18.375	 
18.3875	 
18.4	 
18.4125	 
18.425	 
18.4375	 
18.45	 
18.4625	 
18.475	 
18.4875	 
18.5	 
18.5125	 
18.525	 
18.5375	 
18.55	 
18.5625	 
18.575	 
18.5875	 
18.6	 
18.6125	 
18.625	 
18.6375	 
18.65	 
18.6625	 
18.675	 
18.6875	 
18.7	 
18.7125	 
18.725	 
18.7375	 
18.75	 
18.7625	 
18.775	 
18.7875	 
18.8	 
18.8125	 
18.825	 
18.8375	 
18.85	 
18.8625	 
18.875	 
18.8875	 
18.9	 
18.9125	 
18.925	 
18.9375	 
18.95	 
18.9625	 
18.975	 
18.9875	 
19	 
19.0125	 
19.025	 
19.0375	 
19.05	 
19.0625	 
19.075	 
19.0875	 
19.1	 
19.1125	 
19.125	 
19.1375	 
19.15	 
19.1625	 
19.175	 
19.1875	 
19.2	 
19.2125	 
19.225	 
19.2375	 
19.25	 
19.2625	 
19.275	 
19.2875	 
19.3	 
19.3125	 
19.325	 
19.3375	 
19.35	 
19.3625	 
19.375	 
19.3875	 
19.4	 
19.4125	 
19.425	 
19.4375	 
19.45	 
19.4625	 
19.475	 
19.4875	 
19.5	 
19.5125	 
19.525	 
19.5375	 
19.55	 
19.5625	 
19.575	 
19.5875	 
19.6	 
19.6125	 
19.625	 
19.6375	 
19.65	 
19.6625	 
19.675	 
19.6875	 
19.7	 
19.7125	 
19.725	 
19.7375	 
19.75	 
19.7625	 
19.775	 
19.7875	 
19.8	 
19.8125	 
19.825	 
19.8375	 
19.85	 
19.8625	 
19.875	 
19.8875	 
19.9	 
19.9125	 
19.925	 
19.9375	 
19.95	 
19.9625	 
19.975	 
19.9875	 
20	 
20.0125	 
